2024-07-21 00:04:55,916 [ERROR] LogOutputStream:75 - [STDERR_REDIRECT] 
2024-07-21 00:05:43,320 [INFO] Activator:176 - 


2024-07-21 00:05:43,320 [INFO] Activator:177 - !SESSION log4j initialized
2024-07-21 00:05:48,295 [INFO] LogOutputStream:77 - [STDOUT_REDIRECT] 
2024-07-21 00:05:50,903 [INFO] ApplicationProperties:184 - Using Application install path: C:\ST\STM32CubeIDE_1.13.2\STM32CubeIDE\plugins\com.st.stm32cube.common.mx_6.11.1.202404110753
2024-07-21 00:05:50,916 [INFO] DbMcusXml:78 - Set database path to: C:\ST\STM32CubeIDE_1.13.2\STM32CubeIDE\plugins\com.st.stm32cube.common.mx_6.11.1.202404110753\\db\/mcu/
2024-07-21 00:05:50,916 [INFO] ApiDb:274 - Set plugin database path to: C:\ST\STM32CubeIDE_1.13.2\STM32CubeIDE\plugins\com.st.stm32cube.common.mx_6.11.1.202404110753\\db\/plugins/boardmanager/
2024-07-21 00:05:50,917 [WARN] ApiDb:259 - Overriding images path with different value:  => C:\ST\STM32CubeIDE_1.13.2\STM32CubeIDE\plugins\com.st.stm32cube.common.mx_6.11.1.202404110753\\db\/plugins/mcufinder/images/
2024-07-21 00:05:50,921 [INFO] ApiDb:250 - Set database path to: C:\Users\user\.stmcufinder\plugins\mcufinder//mcu/
2024-07-21 00:05:50,923 [INFO] DbMcusAds:125 - Set database path to: C:\Users\user\.stmcufinder\plugins\mcufinder//mcu/
2024-07-21 00:05:50,925 [INFO] CrossReferenceDbSqlite:203 - Set database path to: C:\Users\user\.stmcufinder\plugins\mcufinder//mcu/cs/
2024-07-21 00:05:51,018 [INFO] RulesReader:64 - Compatibility file has been processed (297 Rules)
2024-07-21 00:05:51,085 [INFO] DbMcusXml:78 - Set database path to: C:\ST\STM32CubeIDE_1.13.2\STM32CubeIDE\plugins\com.st.stm32cube.common.mx_6.11.1.202404110753\\db\/mcu/
2024-07-21 00:05:51,085 [INFO] ApiDb:274 - Set plugin database path to: C:\ST\STM32CubeIDE_1.13.2\STM32CubeIDE\plugins\com.st.stm32cube.common.mx_6.11.1.202404110753\\db\/plugins/boardmanager/
2024-07-21 00:05:51,085 [INFO] ApiDb:261 - Set plugin images path to: C:\ST\STM32CubeIDE_1.13.2\STM32CubeIDE\plugins\com.st.stm32cube.common.mx_6.11.1.202404110753\\db\/plugins/mcufinder/images/
2024-07-21 00:05:51,085 [WARN] DbFile:41 - Overriding database path with different value: C:\Users\user\.stmcufinder\plugins\mcufinder/ => C:\Users\user\.stmcufinder\plugins\mcufinder
2024-07-21 00:05:51,085 [INFO] ApiDb:250 - Set database path to: C:\Users\user\.stmcufinder\plugins\mcufinder//mcu/
2024-07-21 00:05:51,086 [WARN] DbFile:41 - Overriding database path with different value: C:\Users\user\.stmcufinder\plugins\mcufinder/ => C:\Users\user\.stmcufinder\plugins\mcufinder
2024-07-21 00:05:51,086 [INFO] DbMcusAds:125 - Set database path to: C:\Users\user\.stmcufinder\plugins\mcufinder//mcu/
2024-07-21 00:05:51,086 [WARN] DbFile:41 - Overriding database path with different value: C:\Users\user\.stmcufinder\plugins\mcufinder/ => C:\Users\user\.stmcufinder\plugins\mcufinder
2024-07-21 00:05:51,086 [WARN] DbFile:41 - Overriding database path with different value: C:\Users\user\.stmcufinder\plugins\mcufinder/ => C:\Users\user\.stmcufinder\plugins\mcufinder
2024-07-21 00:05:51,086 [INFO] CrossReferenceDbSqlite:203 - Set database path to: C:\Users\user\.stmcufinder\plugins\mcufinder//mcu/cs/
2024-07-21 00:05:51,139 [INFO] MainPanel:264 - HeapMemory: 268435456
2024-07-21 00:05:51,204 [INFO] DbMcusXml:78 - Set database path to: C:\ST\STM32CubeIDE_1.13.2\STM32CubeIDE\plugins\com.st.stm32cube.common.mx_6.11.1.202404110753\\db\/mcu/
2024-07-21 00:05:51,205 [INFO] ApiDb:274 - Set plugin database path to: C:\ST\STM32CubeIDE_1.13.2\STM32CubeIDE\plugins\com.st.stm32cube.common.mx_6.11.1.202404110753\\db\/plugins/boardmanager/
2024-07-21 00:05:51,205 [INFO] ApiDb:261 - Set plugin images path to: C:\ST\STM32CubeIDE_1.13.2\STM32CubeIDE\plugins\com.st.stm32cube.common.mx_6.11.1.202404110753\\db\/plugins/mcufinder/images/
2024-07-21 00:05:51,205 [WARN] DbFile:41 - Overriding database path with different value: C:\Users\user\.stmcufinder\plugins\mcufinder/ => C:\Users\user\.stmcufinder\plugins\mcufinder
2024-07-21 00:05:51,205 [INFO] ApiDb:250 - Set database path to: C:\Users\user\.stmcufinder\plugins\mcufinder//mcu/
2024-07-21 00:05:51,205 [WARN] DbFile:41 - Overriding database path with different value: C:\Users\user\.stmcufinder\plugins\mcufinder/ => C:\Users\user\.stmcufinder\plugins\mcufinder
2024-07-21 00:05:51,205 [INFO] DbMcusAds:125 - Set database path to: C:\Users\user\.stmcufinder\plugins\mcufinder//mcu/
2024-07-21 00:05:51,205 [WARN] DbFile:41 - Overriding database path with different value: C:\Users\user\.stmcufinder\plugins\mcufinder/ => C:\Users\user\.stmcufinder\plugins\mcufinder
2024-07-21 00:05:51,205 [WARN] DbFile:41 - Overriding database path with different value: C:\Users\user\.stmcufinder\plugins\mcufinder/ => C:\Users\user\.stmcufinder\plugins\mcufinder
2024-07-21 00:05:51,205 [INFO] CrossReferenceDbSqlite:203 - Set database path to: C:\Users\user\.stmcufinder\plugins\mcufinder//mcu/cs/
2024-07-21 00:05:51,219 [INFO] ApplicationProperties:184 - Using Application install path: C:\ST\STM32CubeIDE_1.13.2\STM32CubeIDE\plugins\com.st.stm32cube.common.mx_6.11.1.202404110753
2024-07-21 00:05:51,220 [INFO] PluginManage:196 - Search for loadable plugins [exclusion list=, ]
2024-07-21 00:05:51,221 [INFO] PluginManage:310 - Check plugin analytics
2024-07-21 00:05:51,324 [INFO] AnalyticsPlugin:253 - Accepted Software Licenses: 
2024-07-21 00:05:51,324 [INFO] AnalyticsPlugin:255 - Accepted CMSIS Pack Licenses: 
2024-07-21 00:05:51,325 [INFO] AnalyticsPlugin:257 - Accepted Firmware Licenses: FW.F4.1.27.0,FW.F4.1.28.0
2024-07-21 00:05:51,327 [INFO] PluginManage:359 - Loaded plugin analytics (category:tool,tabindex:-1)
2024-07-21 00:05:51,327 [INFO] PluginManage:310 - Check plugin cadmodel
2024-07-21 00:05:51,339 [INFO] CADModel:105 - Init CAD model plugin
2024-07-21 00:05:51,339 [INFO] PluginManage:359 - Loaded plugin cadmodel (category:power,tabindex:5)
2024-07-21 00:05:51,339 [INFO] PluginManage:310 - Check plugin clock
2024-07-21 00:05:51,354 [INFO] PluginManage:359 - Loaded plugin clock (category:base,tabindex:2)
2024-07-21 00:05:51,354 [INFO] PluginManage:310 - Check plugin ddr
2024-07-21 00:05:51,355 [INFO] PluginManage:359 - Loaded plugin ddr (category:tool,tabindex:6)
2024-07-21 00:05:51,355 [INFO] PluginManage:310 - Check plugin filemanager
2024-07-21 00:05:51,455 [INFO] PluginManage:359 - Loaded plugin filemanager (category:base,tabindex:10)
2024-07-21 00:05:51,455 [INFO] PluginManage:310 - Check plugin ipmanager
2024-07-21 00:05:51,460 [INFO] PluginManage:359 - Loaded plugin ipmanager (category:base,tabindex:5)
2024-07-21 00:05:51,461 [INFO] PluginManage:310 - Check plugin lpbam
2024-07-21 00:05:51,474 [INFO] PluginManage:359 - Loaded plugin lpbam (category:base,tabindex:0)
2024-07-21 00:05:51,474 [INFO] PluginManage:310 - Check plugin memorymap
2024-07-21 00:05:51,491 [INFO] PluginManage:359 - Loaded plugin memorymap (category:base,tabindex:4)
2024-07-21 00:05:51,491 [INFO] PluginManage:310 - Check plugin pinoutandconfiguration
2024-07-21 00:05:51,504 [INFO] PluginManage:359 - Loaded plugin pinoutandconfiguration (category:base,tabindex:1)
2024-07-21 00:05:51,504 [INFO] PluginManage:310 - Check plugin pinoutconfig
2024-07-21 00:05:51,575 [WARN] SupportedApi:132 - Cannot load RTOS API schema: s4s-elt-must-match.1: The content of 'definitions' must match (annotation?, (simpleType | complexType)?, (unique | key | keyref)*)). A problem was found starting at: attribute.
2024-07-21 00:05:51,679 [INFO] PluginManage:359 - Loaded plugin pinoutconfig (category:base,tabindex:0)
2024-07-21 00:05:51,679 [INFO] PluginManage:310 - Check plugin power
2024-07-21 00:05:51,699 [INFO] PluginManage:359 - Loaded plugin power (category:power,tabindex:4)
2024-07-21 00:05:51,699 [INFO] PluginManage:310 - Check plugin projectmanager
2024-07-21 00:05:51,711 [INFO] PluginManage:359 - Loaded plugin projectmanager (category:projectmanager,tabindex:3)
2024-07-21 00:05:51,711 [INFO] PluginManage:310 - Check plugin thirdparty
2024-07-21 00:05:51,899 [INFO] PluginManage:359 - Loaded plugin thirdparty (category:base,tabindex:-1)
2024-07-21 00:05:51,899 [INFO] PluginManage:310 - Check plugin tools
2024-07-21 00:05:51,899 [WARN] IntegrityCheckThread:84 - waiting for thirdparty lock release [integrity check]
2024-07-21 00:05:51,899 [INFO] IntegrityCheckThread:86 - entering critical section [integrity check]
2024-07-21 00:05:51,900 [INFO] ThirdPartyUpdaterWithRetryManager:70 - Updater plugin not ready yet. [1/15]
2024-07-21 00:05:51,925 [INFO] PluginManage:359 - Loaded plugin tools (category:base,tabindex:7)
2024-07-21 00:05:51,925 [INFO] PluginManage:310 - Check plugin tutovideos
2024-07-21 00:05:52,066 [INFO] PluginManage:359 - Loaded plugin tutovideos (category:base,tabindex:-1)
2024-07-21 00:05:52,066 [INFO] PluginManage:310 - Check plugin updater
2024-07-21 00:05:52,073 [INFO] PluginManage:359 - Loaded plugin updater (category:base,tabindex:12)
2024-07-21 00:05:52,073 [INFO] PluginManage:310 - Check plugin userauth
2024-07-21 00:05:52,077 [INFO] UserAuth:114 - Init User Auth plugin
2024-07-21 00:05:52,077 [INFO] PluginManage:359 - Loaded plugin userauth (category:base,tabindex:14)
2024-07-21 00:05:52,077 [INFO] PluginManage:283 - PluginManage : Loaded plugins [17]
2024-07-21 00:05:52,224 [INFO] PinOutPanel:1561 - setPackage(No Configuration,No Configuration)
2024-07-21 00:05:52,273 [INFO] CADModel:165 - CPN selected for project level
2024-07-21 00:05:52,273 [INFO] CADModel:114 - Register for checkConnection events
2024-07-21 00:05:52,293 [INFO] IPUIPlugin:80 - create IPUIPlugin
2024-07-21 00:05:52,294 [INFO] PluginManager:220 - loadIPPluginJar : add adc
2024-07-21 00:05:52,321 [INFO] IPUIPlugin:80 - create IPUIPlugin
2024-07-21 00:05:52,321 [INFO] PluginManager:220 - loadIPPluginJar : add aes
2024-07-21 00:05:52,351 [INFO] IPUIPlugin:80 - create IPUIPlugin
2024-07-21 00:05:52,351 [INFO] PluginManager:220 - loadIPPluginJar : add can
2024-07-21 00:05:52,369 [INFO] IPUIPlugin:80 - create IPUIPlugin
2024-07-21 00:05:52,369 [INFO] PluginManager:220 - loadIPPluginJar : add comp
2024-07-21 00:05:52,394 [INFO] IPUIPlugin:80 - create IPUIPlugin
2024-07-21 00:05:52,394 [INFO] PluginManager:220 - loadIPPluginJar : add cryp
2024-07-21 00:05:52,416 [INFO] IPUIPlugin:80 - create IPUIPlugin
2024-07-21 00:05:52,416 [INFO] PluginManager:220 - loadIPPluginJar : add dfsdm
2024-07-21 00:05:52,425 [INFO] IPUIPlugin:80 - create IPUIPlugin
2024-07-21 00:05:52,426 [INFO] PluginManager:220 - loadIPPluginJar : add dma
2024-07-21 00:05:52,456 [INFO] IPUIPlugin:80 - create IPUIPlugin
2024-07-21 00:05:52,456 [INFO] PluginManager:220 - loadIPPluginJar : add dma3
2024-07-21 00:05:52,490 [INFO] IPUIPlugin:80 - create IPUIPlugin
2024-07-21 00:05:52,490 [INFO] PluginManager:220 - loadIPPluginJar : add extmemmanager
2024-07-21 00:05:52,505 [INFO] IPUIPlugin:80 - create IPUIPlugin
2024-07-21 00:05:52,505 [INFO] PluginManager:220 - loadIPPluginJar : add fatfs
2024-07-21 00:05:52,536 [INFO] IPUIPlugin:80 - create IPUIPlugin
2024-07-21 00:05:52,536 [INFO] PluginManager:220 - loadIPPluginJar : add fmc
2024-07-21 00:05:52,546 [INFO] IPUIPlugin:80 - create IPUIPlugin
2024-07-21 00:05:52,546 [INFO] PluginManager:220 - loadIPPluginJar : add freertos
2024-07-21 00:05:52,560 [INFO] IPUIPlugin:80 - create IPUIPlugin
2024-07-21 00:05:52,560 [INFO] PluginManager:220 - loadIPPluginJar : add genericplugin
2024-07-21 00:05:52,623 [INFO] IPUIPlugin:80 - create IPUIPlugin
2024-07-21 00:05:52,623 [INFO] PluginManager:220 - loadIPPluginJar : add gfxmmu
2024-07-21 00:05:52,712 [INFO] IPUIPlugin:80 - create IPUIPlugin
2024-07-21 00:05:52,713 [INFO] PluginManager:220 - loadIPPluginJar : add gic
2024-07-21 00:05:52,721 [INFO] IPUIPlugin:80 - create IPUIPlugin
2024-07-21 00:05:52,721 [INFO] PluginManager:220 - loadIPPluginJar : add gpio
2024-07-21 00:05:52,785 [INFO] IPUIPlugin:80 - create IPUIPlugin
2024-07-21 00:05:52,785 [INFO] PluginManager:220 - loadIPPluginJar : add gtzc
2024-07-21 00:05:52,808 [INFO] IPUIPlugin:80 - create IPUIPlugin
2024-07-21 00:05:52,808 [INFO] PluginManager:220 - loadIPPluginJar : add hash
2024-07-21 00:05:52,844 [INFO] IPUIPlugin:80 - create IPUIPlugin
2024-07-21 00:05:52,844 [INFO] PluginManager:220 - loadIPPluginJar : add i2c
2024-07-21 00:05:52,871 [INFO] IPUIPlugin:80 - create IPUIPlugin
2024-07-21 00:05:52,871 [INFO] PluginManager:220 - loadIPPluginJar : add i2s
2024-07-21 00:05:52,902 [INFO] IPUIPlugin:80 - create IPUIPlugin
2024-07-21 00:05:52,902 [INFO] PluginManager:220 - loadIPPluginJar : add i3c
2024-07-21 00:05:52,975 [INFO] IPUIPlugin:80 - create IPUIPlugin
2024-07-21 00:05:52,976 [INFO] PluginManager:220 - loadIPPluginJar : add ipddr
2024-07-21 00:05:53,041 [INFO] IPUIPlugin:80 - create IPUIPlugin
2024-07-21 00:05:53,041 [INFO] PluginManager:220 - loadIPPluginJar : add linkedlist
2024-07-21 00:05:53,067 [INFO] IPUIPlugin:80 - create IPUIPlugin
2024-07-21 00:05:53,067 [INFO] PluginManager:220 - loadIPPluginJar : add lorawan
2024-07-21 00:05:53,092 [INFO] IPUIPlugin:80 - create IPUIPlugin
2024-07-21 00:05:53,093 [INFO] PluginManager:220 - loadIPPluginJar : add ltdc
2024-07-21 00:05:53,104 [INFO] IPUIPlugin:80 - create IPUIPlugin
2024-07-21 00:05:53,104 [INFO] PluginManager:220 - loadIPPluginJar : add mdma
2024-07-21 00:05:53,112 [INFO] IPUIPlugin:80 - create IPUIPlugin
2024-07-21 00:05:53,112 [INFO] PluginManager:220 - loadIPPluginJar : add nvic
2024-07-21 00:05:53,137 [INFO] IPUIPlugin:80 - create IPUIPlugin
2024-07-21 00:05:53,138 [INFO] PluginManager:220 - loadIPPluginJar : add opamp
2024-07-21 00:05:53,179 [INFO] IPUIPlugin:80 - create IPUIPlugin
2024-07-21 00:05:53,179 [INFO] PluginManager:220 - loadIPPluginJar : add openamp
2024-07-21 00:05:53,209 [INFO] IPUIPlugin:80 - create IPUIPlugin
2024-07-21 00:05:53,209 [INFO] PluginManager:220 - loadIPPluginJar : add pdm2pcm
2024-07-21 00:05:53,219 [INFO] IPUIPlugin:80 - create IPUIPlugin
2024-07-21 00:05:53,220 [INFO] PluginManager:220 - loadIPPluginJar : add plateformsettings
2024-07-21 00:05:53,235 [INFO] IPUIPlugin:80 - create IPUIPlugin
2024-07-21 00:05:53,235 [INFO] PluginManager:220 - loadIPPluginJar : add quadspi
2024-07-21 00:05:53,244 [INFO] IPUIPlugin:80 - create IPUIPlugin
2024-07-21 00:05:53,244 [INFO] PluginManager:220 - loadIPPluginJar : add resmgrutility
2024-07-21 00:05:53,278 [INFO] IPUIPlugin:80 - create IPUIPlugin
2024-07-21 00:05:53,278 [INFO] PluginManager:220 - loadIPPluginJar : add sai
2024-07-21 00:05:53,303 [INFO] IPUIPlugin:80 - create IPUIPlugin
2024-07-21 00:05:53,303 [INFO] PluginManager:220 - loadIPPluginJar : add spi
2024-07-21 00:05:53,349 [INFO] IPUIPlugin:80 - create IPUIPlugin
2024-07-21 00:05:53,350 [INFO] PluginManager:220 - loadIPPluginJar : add stm32_wpan
2024-07-21 00:05:53,365 [INFO] IPUIPlugin:80 - create IPUIPlugin
2024-07-21 00:05:53,365 [INFO] PluginManager:220 - loadIPPluginJar : add tim
2024-07-21 00:05:53,408 [INFO] IPUIPlugin:80 - create IPUIPlugin
2024-07-21 00:05:53,408 [INFO] PluginManager:220 - loadIPPluginJar : add touchsensing
2024-07-21 00:05:53,425 [INFO] IPUIPlugin:80 - create IPUIPlugin
2024-07-21 00:05:53,425 [INFO] PluginManager:220 - loadIPPluginJar : add tracer_emb
2024-07-21 00:05:53,441 [INFO] IPUIPlugin:80 - create IPUIPlugin
2024-07-21 00:05:53,441 [INFO] PluginManager:220 - loadIPPluginJar : add ts
2024-07-21 00:05:53,454 [INFO] IPUIPlugin:80 - create IPUIPlugin
2024-07-21 00:05:53,454 [INFO] PluginManager:220 - loadIPPluginJar : add tsc
2024-07-21 00:05:53,470 [INFO] IPUIPlugin:80 - create IPUIPlugin
2024-07-21 00:05:53,470 [INFO] PluginManager:220 - loadIPPluginJar : add ucpd
2024-07-21 00:05:53,504 [INFO] IPUIPlugin:80 - create IPUIPlugin
2024-07-21 00:05:53,504 [INFO] PluginManager:220 - loadIPPluginJar : add usart
2024-07-21 00:05:53,534 [INFO] IPUIPlugin:80 - create IPUIPlugin
2024-07-21 00:05:53,534 [INFO] PluginManager:220 - loadIPPluginJar : add usbx
2024-07-21 00:05:53,644 [INFO] CADModel:165 - CPN selected for project level
2024-07-21 00:05:53,644 [INFO] CADModel:114 - Register for checkConnection events
2024-07-21 00:05:53,645 [FATAL] Updater:308 - Updater called before beeing initialized
2024-07-21 00:05:53,645 [ERROR] CADModel:125 - Updater not yet initialized, retry later 
2024-07-21 00:05:53,740 [INFO] CADModel:165 - CPN selected for project level
2024-07-21 00:05:53,741 [INFO] CADModel:114 - Register for checkConnection events
2024-07-21 00:05:53,741 [FATAL] Updater:308 - Updater called before beeing initialized
2024-07-21 00:05:53,741 [ERROR] CADModel:125 - Updater not yet initialized, retry later 
2024-07-21 00:05:53,743 [FATAL] Updater:308 - Updater called before beeing initialized
2024-07-21 00:05:53,807 [FATAL] Updater:308 - Updater called before beeing initialized
2024-07-21 00:05:53,815 [INFO] DbMcusAds:53 - JSON generation date=Thu May 16 11:22:00 CEST 2024 (1715851320667)
2024-07-21 00:05:53,815 [FATAL] Updater:308 - Updater called before beeing initialized
2024-07-21 00:05:53,873 [WARN] DetailPanel:346 - Failed to get advertising image, set to default
2024-07-21 00:05:53,935 [FATAL] Updater:308 - Updater called before beeing initialized
2024-07-21 00:05:53,937 [FATAL] Updater:308 - Updater called before beeing initialized
2024-07-21 00:05:53,937 [FATAL] Updater:308 - Updater called before beeing initialized
2024-07-21 00:05:53,937 [WARN] DetailPanel:346 - Failed to get advertising image, set to default
2024-07-21 00:05:53,938 [FATAL] Updater:308 - Updater called before beeing initialized
2024-07-21 00:05:53,981 [ERROR] Updater:1120 - MainUpdater not yet initialized. External WinMGr cannot be set.
2024-07-21 00:05:53,989 [INFO] Updater:1056 - Updater Version found : 6.11.1
2024-07-21 00:05:54,006 [INFO] ApplicationProperties:184 - Using Application install path: C:\ST\STM32CubeIDE_1.13.2\STM32CubeIDE\plugins\com.st.stm32cube.common.mx_6.11.1.202404110753
2024-07-21 00:05:54,901 [INFO] ThirdPartyUpdaterWithRetryManager:70 - Updater plugin not ready yet. [2/15]
2024-07-21 00:05:55,580 [ERROR] LogOutputStream:75 - [STDERR_REDIRECT] Jul 21, 2024 12:05:55 AM java.util.prefs.WindowsPreferences <init>
2024-07-21 00:05:55,581 [ERROR] LogOutputStream:75 - [STDERR_REDIRECT] WARNING: Could not open/create prefs root node Software\JavaSoft\Prefs at root 0xffffffff80000002. Windows RegCreateKeyEx(...) returned error code 5.
2024-07-21 00:05:55,582 [ERROR] LogOutputStream:75 - [STDERR_REDIRECT] 
2024-07-21 00:05:55,824 [INFO] MainUpdater:2873 - connection check result : 10
2024-07-21 00:05:55,824 [INFO] MainUpdater:290 - Updater Check For Update Now.
2024-07-21 00:05:55,824 [INFO] MicroXplorer:498 - Change Database Version : DB.6.0.111
2024-07-21 00:05:55,836 [INFO] McuFinderGlobals:63 - Set McuFinder mode to 2 (CubeIDE integrated)
2024-07-21 00:05:55,849 [INFO] UserAuth:415 - Internet connection configuration mode: 1
2024-07-21 00:05:55,882 [INFO] JxBrowserEngine:152 - Initiate JxBrowser Engine with user profile folder
2024-07-21 00:05:56,007 [INFO] CheckServerUpdateThread:120 - End of CheckServer Thread
2024-07-21 00:05:58,021 [WARN] PackLoader:240 - Cannot read IP mode file for STMicroelectronics.FP-SNS-MOTENVWB1.1.4.0
2024-07-21 00:05:58,034 [WARN] PackLoader:240 - Cannot read IP mode file for STMicroelectronics.X-CUBE-SMBUS.2.1.0
2024-07-21 00:05:58,045 [WARN] PackLoader:240 - Cannot read IP mode file for STMicroelectronics.X-CUBE-TOUCHGFX.4.23.0
2024-07-21 00:05:58,053 [WARN] PackLoader:240 - Cannot read IP mode file for STMicroelectronics.X-CUBE-TOUCHGFX.4.23.2
2024-07-21 00:05:58,087 [WARN] PackLoader:240 - Cannot read IP mode file for STMicroelectronics.X-CUBE-AZRTOS-F7.1.1.0
2024-07-21 00:05:58,100 [WARN] PackLoader:240 - Cannot read IP mode file for STMicroelectronics.FP-SNS-MOTENV1.4.3.2
2024-07-21 00:05:58,111 [WARN] PackLoader:240 - Cannot read IP mode file for STMicroelectronics.FP-SNS-FLIGHT1.5.0.2
2024-07-21 00:05:58,123 [WARN] PackLoader:240 - Cannot read IP mode file for STMicroelectronics.X-CUBE-DISPLAY.3.0.0
2024-07-21 00:05:58,141 [WARN] PackLoader:240 - Cannot read IP mode file for STMicroelectronics.X-CUBE-BLE1.7.0.0
2024-07-21 00:05:58,153 [WARN] PackLoader:240 - Cannot read IP mode file for emotas.I-CUBE-CANOPEN.1.3.0
2024-07-21 00:05:58,164 [WARN] PackLoader:240 - Cannot read IP mode file for STMicroelectronics.X-CUBE-TOUCHGFX.4.22.1
2024-07-21 00:05:58,177 [WARN] PackLoader:240 - Cannot read IP mode file for STMicroelectronics.X-CUBE-BLEMGR.3.1.0
2024-07-21 00:05:58,189 [WARN] PackLoader:240 - Cannot read IP mode file for STMicroelectronics.FP-SNS-SMARTAG2.1.2.0
2024-07-21 00:05:58,204 [INFO] LogOutputStream:77 - [STDOUT_REDIRECT] 1 : Invalid condition id : UX_CORESTACK_Condition cause : null
2024-07-21 00:05:58,204 [INFO] LogOutputStream:77 - [STDOUT_REDIRECT] 1 : Invalid condition id : UX_CORESTACK_Condition cause : null
2024-07-21 00:05:58,205 [INFO] LogOutputStream:77 - [STDOUT_REDIRECT] 1 : Invalid condition id : UX_CORESTACK_Condition cause : null
2024-07-21 00:05:58,205 [INFO] LogOutputStream:77 - [STDOUT_REDIRECT] 1 : Invalid condition id : UX_CORESTACK_Condition cause : null
2024-07-21 00:05:58,206 [INFO] LogOutputStream:77 - [STDOUT_REDIRECT] 1 : Invalid condition id : UX_CORESTACK_Condition cause : null
2024-07-21 00:05:58,208 [WARN] PackLoader:240 - Cannot read IP mode file for STMicroelectronics.X-CUBE-AZRTOS-WL.2.0.0
2024-07-21 00:05:58,217 [WARN] PackLoader:240 - Cannot read IP mode file for STMicroelectronics.FP-SNS-MOTENV1.5.0.0
2024-07-21 00:05:58,226 [WARN] PackLoader:240 - Cannot read IP mode file for wolfSSL.I-CUBE-wolfMQTT.1.19.0
2024-07-21 00:05:58,237 [WARN] PackLoader:240 - Cannot read IP mode file for WES.I-CUBE-Cesium.1.3.0
2024-07-21 00:05:58,246 [WARN] PackLoader:240 - Cannot read IP mode file for STMicroelectronics.X-CUBE-BLE2.3.3.0
2024-07-21 00:05:58,256 [WARN] PackLoader:240 - Cannot read IP mode file for STMicroelectronics.X-CUBE-TCPP.4.1.0
2024-07-21 00:05:58,267 [WARN] PackLoader:240 - Cannot read IP mode file for STMicroelectronics.X-CUBE-ALGOBUILD.1.3.0
2024-07-21 00:05:58,291 [WARN] PackLoader:240 - Cannot read IP mode file for STMicroelectronics.X-CUBE-AZRTOS-G0.1.1.0
2024-07-21 00:05:58,303 [WARN] PackLoader:240 - Cannot read IP mode file for STMicroelectronics.X-CUBE-SAFEA1.1.2.2
2024-07-21 00:05:58,314 [WARN] PackLoader:240 - Cannot read IP mode file for STMicroelectronics.X-CUBE-NFC4.3.0.0
2024-07-21 00:05:58,323 [WARN] PackLoader:240 - Cannot read IP mode file for wolfSSL.I-CUBE-wolfMQTT.1.18.0
2024-07-21 00:05:58,336 [WARN] PackLoader:240 - Cannot read IP mode file for EmbeddedOffice.I-CUBE-FS-RTOS.1.0.1
2024-07-21 00:05:58,336 [ERROR] ConditionMgr:805 - Attr not supported : Dmpu
2024-07-21 00:05:58,337 [ERROR] ConditionMgr:805 - Attr not supported : Dmpu
2024-07-21 00:05:58,337 [ERROR] ConditionMgr:805 - Attr not supported : Dmpu
2024-07-21 00:05:58,337 [ERROR] ConditionMgr:805 - Attr not supported : Dmpu
2024-07-21 00:05:58,337 [ERROR] ConditionMgr:805 - Attr not supported : Dmpu
2024-07-21 00:05:58,337 [ERROR] ConditionMgr:805 - Attr not supported : Dmpu
2024-07-21 00:05:58,337 [ERROR] ConditionMgr:805 - Attr not supported : Dmpu
2024-07-21 00:05:58,337 [ERROR] ConditionMgr:805 - Attr not supported : Dmpu
2024-07-21 00:05:58,337 [ERROR] ConditionMgr:805 - Attr not supported : Dmpu
2024-07-21 00:05:58,337 [ERROR] ConditionMgr:805 - Attr not supported : Dmpu
2024-07-21 00:05:58,337 [ERROR] ConditionMgr:805 - Attr not supported : Dmpu
2024-07-21 00:05:58,337 [ERROR] ConditionMgr:805 - Attr not supported : Dmpu
2024-07-21 00:05:58,337 [ERROR] ConditionMgr:805 - Attr not supported : Dmpu
2024-07-21 00:05:58,337 [ERROR] ConditionMgr:805 - Attr not supported : Dmpu
2024-07-21 00:05:58,337 [ERROR] ConditionMgr:805 - Attr not supported : Dmpu
2024-07-21 00:05:58,337 [ERROR] ConditionMgr:805 - Attr not supported : Dmpu
2024-07-21 00:05:58,337 [ERROR] ConditionMgr:805 - Attr not supported : Dmpu
2024-07-21 00:05:58,337 [ERROR] ConditionMgr:805 - Attr not supported : Dmpu
2024-07-21 00:05:58,337 [ERROR] ConditionMgr:805 - Attr not supported : Dmpu
2024-07-21 00:05:58,337 [ERROR] ConditionMgr:805 - Attr not supported : Dmpu
2024-07-21 00:05:58,337 [ERROR] ConditionMgr:805 - Attr not supported : Dmpu
2024-07-21 00:05:58,337 [ERROR] ConditionMgr:805 - Attr not supported : Dmpu
2024-07-21 00:05:58,337 [ERROR] ConditionMgr:805 - Attr not supported : Dmpu
2024-07-21 00:05:58,337 [ERROR] ConditionMgr:805 - Attr not supported : Dmpu
2024-07-21 00:05:58,337 [ERROR] ConditionMgr:805 - Attr not supported : Dmpu
2024-07-21 00:05:58,337 [ERROR] ConditionMgr:805 - Attr not supported : Dmpu
2024-07-21 00:05:58,337 [ERROR] ConditionMgr:805 - Attr not supported : Dmpu
2024-07-21 00:05:58,338 [ERROR] ConditionMgr:805 - Attr not supported : Dmpu
2024-07-21 00:05:58,338 [ERROR] ConditionMgr:805 - Attr not supported : Dmpu
2024-07-21 00:05:58,338 [ERROR] ConditionMgr:805 - Attr not supported : Dmpu
2024-07-21 00:05:58,338 [ERROR] ConditionMgr:805 - Attr not supported : Dmpu
2024-07-21 00:05:58,338 [ERROR] ConditionMgr:805 - Attr not supported : Dmpu
2024-07-21 00:05:58,338 [ERROR] ConditionMgr:805 - Attr not supported : Dmpu
2024-07-21 00:05:58,338 [ERROR] ConditionMgr:805 - Attr not supported : Dmpu
2024-07-21 00:05:58,338 [ERROR] ConditionMgr:805 - Attr not supported : Dmpu
2024-07-21 00:05:58,338 [ERROR] ConditionMgr:805 - Attr not supported : Dmpu
2024-07-21 00:05:58,338 [ERROR] ConditionMgr:805 - Attr not supported : Dmpu
2024-07-21 00:05:58,338 [ERROR] ConditionMgr:805 - Attr not supported : Dmpu
2024-07-21 00:05:58,338 [ERROR] ConditionMgr:805 - Attr not supported : Dmpu
2024-07-21 00:05:58,338 [ERROR] ConditionMgr:805 - Attr not supported : Dmpu
2024-07-21 00:05:58,338 [ERROR] ConditionMgr:805 - Attr not supported : Dmpu
2024-07-21 00:05:58,338 [ERROR] ConditionMgr:805 - Attr not supported : Dmpu
2024-07-21 00:05:58,338 [ERROR] ConditionMgr:805 - Attr not supported : Dmpu
2024-07-21 00:05:58,338 [ERROR] ConditionMgr:805 - Attr not supported : Dmpu
2024-07-21 00:05:58,338 [ERROR] ConditionMgr:805 - Attr not supported : Dmpu
2024-07-21 00:05:58,338 [ERROR] ConditionMgr:805 - Attr not supported : Dmpu
2024-07-21 00:05:58,338 [ERROR] ConditionMgr:805 - Attr not supported : Dmpu
2024-07-21 00:05:58,338 [ERROR] ConditionMgr:805 - Attr not supported : Dmpu
2024-07-21 00:05:58,338 [ERROR] ConditionMgr:805 - Attr not supported : Dmpu
2024-07-21 00:05:58,338 [ERROR] ConditionMgr:805 - Attr not supported : Dmpu
2024-07-21 00:05:58,338 [ERROR] ConditionMgr:805 - Attr not supported : Dmpu
2024-07-21 00:05:58,338 [ERROR] ConditionMgr:805 - Attr not supported : Dmpu
2024-07-21 00:05:58,338 [ERROR] ConditionMgr:805 - Attr not supported : Dmpu
2024-07-21 00:05:58,338 [ERROR] ConditionMgr:805 - Attr not supported : Dmpu
2024-07-21 00:05:58,339 [ERROR] ConditionMgr:805 - Attr not supported : Dmpu
2024-07-21 00:05:58,339 [ERROR] ConditionMgr:805 - Attr not supported : Dmpu
2024-07-21 00:05:58,339 [ERROR] ConditionMgr:805 - Attr not supported : Dmpu
2024-07-21 00:05:58,339 [ERROR] ConditionMgr:805 - Attr not supported : Dmpu
2024-07-21 00:05:58,339 [ERROR] ConditionMgr:805 - Attr not supported : Dmpu
2024-07-21 00:05:58,339 [ERROR] ConditionMgr:805 - Attr not supported : Dmpu
2024-07-21 00:05:58,339 [ERROR] ConditionMgr:805 - Attr not supported : Dmpu
2024-07-21 00:05:58,339 [ERROR] ConditionMgr:805 - Attr not supported : Dmpu
2024-07-21 00:05:58,339 [ERROR] ConditionMgr:805 - Attr not supported : Dmpu
2024-07-21 00:05:58,339 [ERROR] ConditionMgr:805 - Attr not supported : Dmpu
2024-07-21 00:05:58,351 [WARN] PackLoader:240 - Cannot read IP mode file for STMicroelectronics.X-CUBE-BLEMGR.3.0.0
2024-07-21 00:05:58,365 [WARN] PackLoader:240 - Cannot read IP mode file for RealThread.X-CUBE-RT-Thread_Nano.4.1.1
2024-07-21 00:05:58,376 [WARN] PackLoader:240 - Cannot read IP mode file for STMicroelectronics.FP-ATR-SIGFOX1.3.2.0
2024-07-21 00:05:58,388 [WARN] PackLoader:240 - Cannot read IP mode file for STMicroelectronics.X-CUBE-EEPRMA1.5.1.0
2024-07-21 00:05:58,415 [WARN] PackLoader:240 - Cannot read IP mode file for SEGGER.I-CUBE-embOS.1.3.1
2024-07-21 00:05:58,452 [WARN] PackLoader:240 - Cannot read IP mode file for STMicroelectronics.X-CUBE-ALGOBUILD.1.4.0
2024-07-21 00:05:58,463 [WARN] PackLoader:240 - Cannot read IP mode file for STMicroelectronics.X-CUBE-GNSS1.6.0.0
2024-07-21 00:05:58,484 [WARN] PackLoader:240 - Cannot read IP mode file for STMicroelectronics.X-CUBE-AZRTOS-F4.1.1.0
2024-07-21 00:05:58,494 [WARN] PackLoader:240 - Cannot read IP mode file for wolfSSL.I-CUBE-wolfSSL.5.6.3
2024-07-21 00:05:58,503 [WARN] PackLoader:240 - Cannot read IP mode file for STMicroelectronics.X-CUBE-FREERTOS.1.2.0
2024-07-21 00:05:58,522 [WARN] PackLoader:240 - Cannot read IP mode file for STMicroelectronics.X-CUBE-AZRTOS-L5.2.0.0
2024-07-21 00:05:58,575 [WARN] PackLoader:240 - Cannot read IP mode file for STMicroelectronics.X-CUBE-MEMS1.9.6.0
2024-07-21 00:05:58,742 [WARN] PackLoader:240 - Cannot read IP mode file for STMicroelectronics.X-CUBE-EEPRMA1.4.2.0
2024-07-21 00:05:58,759 [WARN] PackLoader:240 - Cannot read IP mode file for STMicroelectronics.X-CUBE-NFC6.3.1.0
2024-07-21 00:05:58,784 [WARN] PackLoader:240 - Cannot read IP mode file for ITTIA_DB.I-CUBE-ITTIADB.8.8.0
2024-07-21 00:05:58,799 [WARN] PackLoader:240 - Cannot read IP mode file for STMicroelectronics.X-CUBE-BLEMGR.2.0.0
2024-07-21 00:05:58,814 [WARN] PackLoader:240 - Cannot read IP mode file for STMicroelectronics.X-CUBE-DPower.1.2.0
2024-07-21 00:05:58,829 [WARN] PackLoader:240 - Cannot read IP mode file for STMicroelectronics.X-CUBE-AI.9.0.0
2024-07-21 00:05:58,856 [WARN] ConditionMgr:438 - getConditionDescription Invalid condition id : UX DEVICE CLASS RTOS Condition cause : null
2024-07-21 00:05:58,856 [WARN] ConditionMgr:438 - getConditionDescription Invalid condition id : UX DEVICE CLASS RTOS Condition cause : null
2024-07-21 00:05:58,857 [WARN] PackLoader:240 - Cannot read IP mode file for STMicroelectronics.X-CUBE-AZRTOS-H7.3.1.0
2024-07-21 00:05:58,858 [WARN] ConditionMgr:1039 - genDependencies : Invalid condition id : UX DEVICE CLASS RTOS Condition cause : null
2024-07-21 00:05:58,858 [WARN] ConditionMgr:1039 - genDependencies : Invalid condition id : UX DEVICE CLASS RTOS Condition cause : null
2024-07-21 00:05:58,858 [WARN] ConditionMgr:1039 - genDependencies : Invalid condition id : UX DEVICE CLASS RTOS Condition cause : null
2024-07-21 00:05:58,859 [WARN] ConditionMgr:1039 - genDependencies : Invalid condition id : UX DEVICE CLASS RTOS Condition cause : null
2024-07-21 00:05:58,859 [WARN] ConditionMgr:1039 - genDependencies : Invalid condition id : UX DEVICE CLASS RTOS Condition cause : null
2024-07-21 00:05:58,872 [WARN] PackLoader:240 - Cannot read IP mode file for STMicroelectronics.X-CUBE-NFC7.1.0.1
2024-07-21 00:05:58,885 [WARN] PackLoader:240 - Cannot read IP mode file for wolfSSL.I-CUBE-wolfTPM.3.2.0
2024-07-21 00:05:58,900 [WARN] PackLoader:240 - Cannot read IP mode file for STMicroelectronics.X-CUBE-NFC6.3.0.0
2024-07-21 00:05:58,916 [WARN] PackLoader:240 - Cannot read IP mode file for STMicroelectronics.X-CUBE-EEPRMA1.4.1.0
2024-07-21 00:05:58,929 [WARN] PackLoader:240 - Cannot read IP mode file for STMicroelectronics.X-CUBE-AI.8.1.0
2024-07-21 00:05:58,952 [WARN] ConditionMgr:438 - getConditionDescription Invalid condition id : LAN8742 Phy interface Condition cause : null
2024-07-21 00:05:58,953 [WARN] PackLoader:240 - Cannot read IP mode file for STMicroelectronics.X-CUBE-AZRTOS-L4.2.0.0
2024-07-21 00:05:58,953 [WARN] ConditionMgr:1039 - genDependencies : Invalid condition id : LAN8742 Phy interface Condition cause : null
2024-07-21 00:05:58,954 [WARN] ConditionMgr:1039 - genDependencies : Invalid condition id : LAN8742 Phy interface Condition cause : null
2024-07-21 00:05:58,954 [WARN] ConditionMgr:1039 - genDependencies : Invalid condition id : LAN8742 Phy interface Condition cause : null
2024-07-21 00:05:58,966 [WARN] PackLoader:240 - Cannot read IP mode file for STMicroelectronics.X-CUBE-SFXS2LP1.4.0.0
2024-07-21 00:05:58,977 [WARN] PackLoader:240 - Cannot read IP mode file for STMicroelectronics.X-CUBE-ISPU.1.1.0
2024-07-21 00:05:58,992 [WARN] ConditionMgr:438 - getConditionDescription Invalid condition id : UX DEVICE CLASS RTOS Condition cause : null
2024-07-21 00:05:58,994 [WARN] ConditionMgr:438 - getConditionDescription Invalid condition id : UX DEVICE CLASS RTOS Condition cause : null
2024-07-21 00:05:58,995 [WARN] PackLoader:240 - Cannot read IP mode file for STMicroelectronics.X-CUBE-AZRTOS-WB.2.0.0
2024-07-21 00:05:58,995 [WARN] ConditionMgr:1039 - genDependencies : Invalid condition id : UX DEVICE CLASS RTOS Condition cause : null
2024-07-21 00:05:58,996 [WARN] ConditionMgr:1039 - genDependencies : Invalid condition id : UX DEVICE CLASS RTOS Condition cause : null
2024-07-21 00:05:58,996 [WARN] ConditionMgr:1039 - genDependencies : Invalid condition id : UX DEVICE CLASS RTOS Condition cause : null
2024-07-21 00:05:58,996 [WARN] ConditionMgr:1039 - genDependencies : Invalid condition id : UX DEVICE CLASS RTOS Condition cause : null
2024-07-21 00:05:58,996 [WARN] ConditionMgr:1039 - genDependencies : Invalid condition id : UX DEVICE CLASS RTOS Condition cause : null
2024-07-21 00:05:59,008 [WARN] PackLoader:240 - Cannot read IP mode file for STMicroelectronics.FP-SNS-STBOX1.2.0.0
2024-07-21 00:05:59,025 [WARN] PackLoader:240 - Cannot read IP mode file for STMicroelectronics.X-CUBE-SUBG2.5.0.0
2024-07-21 00:05:59,037 [WARN] PackLoader:240 - Cannot read IP mode file for Cesanta.I-CUBE-Mongoose.7.13.0
2024-07-21 00:05:59,054 [WARN] PackLoader:240 - Cannot read IP mode file for STMicroelectronics.X-CUBE-TOF1.3.3.1
2024-07-21 00:05:59,131 [WARN] PackLoader:240 - Cannot read IP mode file for STMicroelectronics.X-CUBE-AZRTOS-G4.2.0.0
2024-07-21 00:05:59,152 [WARN] PackLoader:240 - Cannot read IP mode file for Infineon.AIROC-Wi-Fi-Bluetooth-STM32.1.5.1
2024-07-21 00:05:59,168 [WARN] PackLoader:240 - Cannot read IP mode file for STMicroelectronics.FP-SNS-MOTENVWB1.1.3.0
2024-07-21 00:05:59,182 [WARN] PackLoader:240 - Cannot read IP mode file for STMicroelectronics.FP-SNS-MOTENVWB1.1.3.1
2024-07-21 00:05:59,198 [WARN] PackLoader:240 - Cannot read IP mode file for STMicroelectronics.X-CUBE-ISPU.2.0.0
2024-07-21 00:05:59,210 [WARN] PackLoader:240 - Cannot read IP mode file for STMicroelectronics.X-CUBE-ALS.1.0.2
2024-07-21 00:05:59,257 [WARN] PackLoader:240 - Cannot read IP mode file for STMicroelectronics.X-CUBE-MEMS1.10.0.0
2024-07-21 00:05:59,398 [WARN] PackLoader:240 - Cannot read IP mode file for STMicroelectronics.X-CUBE-FREERTOS.1.1.0
2024-07-21 00:05:59,415 [WARN] PackLoader:240 - Cannot read IP mode file for STMicroelectronics.X-CUBE-TOUCHGFX.4.24.0
2024-07-21 00:05:59,431 [WARN] PackLoader:240 - Cannot read IP mode file for portGmbH.I-Cube-SoM-uGOAL.1.1.0
2024-07-21 00:05:59,442 [WARN] PackLoader:240 - Cannot read IP mode file for STMicroelectronics.X-CUBE-ALS.1.0.1
2024-07-21 00:05:59,471 [WARN] PackLoader:240 - Cannot read IP mode file for STMicroelectronics.X-CUBE-AZRTOS-H7RS.1.0.0
2024-07-21 00:05:59,484 [WARN] PackLoader:240 - Cannot read IP mode file for STMicroelectronics.FP-ATR-ASTRA1.2.0.0
2024-07-21 00:05:59,498 [WARN] PackLoader:240 - Cannot read IP mode file for STMicroelectronics.X-CUBE-TOF1.3.4.0
2024-07-21 00:05:59,522 [WARN] PackLoader:240 - Cannot read IP mode file for STMicroelectronics.X-CUBE-TOF1.3.4.1
2024-07-21 00:05:59,553 [WARN] PackLoader:240 - Cannot read IP mode file for STMicroelectronics.X-CUBE-AZRTOS-H7.3.2.0
2024-07-21 00:05:59,572 [WARN] PackLoader:240 - Cannot read IP mode file for wolfSSL.I-CUBE-wolfSSH.1.4.17
2024-07-21 00:05:59,572 [INFO] ThirdParty:978 - Integrity check success = true
2024-07-21 00:05:59,572 [INFO] IntegrityCheckThread:100 - exiting critical section [integrity check]
2024-07-21 00:05:59,572 [INFO] IntegrityCheckThread:103 - End integrity checks thread
2024-07-21 00:05:59,670 [INFO] WebApp:161 - Instantiating new browser for Auth
2024-07-21 00:06:00,183 [INFO] WebApp:779 - Register for checkConnection events
2024-07-21 00:06:00,183 [INFO] WebApp:414 - Apply proxy settings
2024-07-21 00:06:00,183 [INFO] WebApp:499 - Chromium requires no authentication
2024-07-21 00:06:00,189 [INFO] WebApp:442 - Direct internet connection detected
2024-07-21 00:06:00,300 [INFO] WebApp:192 - Starting web application
2024-07-21 00:06:00,300 [INFO] WebApp:544 - Web application path used C:\ST\STM32CubeIDE_1.13.2\STM32CubeIDE\plugins\com.st.stm32cube.common.mx_6.11.1.202404110753\db\plugins\mcufinder\reactClient1\index.html
2024-07-21 00:16:02,313 [INFO] WebApp:354 - JxBrowser engine has been closed 
2024-07-21 00:16:03,405 [ERROR] LogOutputStream:75 - [STDERR_REDIRECT] [Fatal Error] :1:1: Premature end of file.
2024-07-21 00:16:03,405 [ERROR] LogOutputStream:75 - [STDERR_REDIRECT] 
2024-07-21 00:16:04,383 [ERROR] LogOutputStream:75 - [STDERR_REDIRECT] [Fatal Error] :1:1: Premature end of file.
2024-07-21 00:16:04,383 [ERROR] LogOutputStream:75 - [STDERR_REDIRECT] 
2024-07-21 00:16:05,386 [ERROR] LogOutputStream:75 - [STDERR_REDIRECT] [Fatal Error] :1:1: Premature end of file.
2024-07-21 00:16:05,386 [ERROR] LogOutputStream:75 - [STDERR_REDIRECT] 
2024-07-21 00:16:06,386 [ERROR] LogOutputStream:75 - [STDERR_REDIRECT] [Fatal Error] :1:1: Premature end of file.
2024-07-21 00:16:06,386 [ERROR] LogOutputStream:75 - [STDERR_REDIRECT] 
2024-07-21 00:16:07,385 [ERROR] LogOutputStream:75 - [STDERR_REDIRECT] [Fatal Error] :1:1: Premature end of file.
2024-07-21 00:16:07,385 [ERROR] LogOutputStream:75 - [STDERR_REDIRECT] 
2024-07-21 00:16:08,385 [ERROR] LogOutputStream:75 - [STDERR_REDIRECT] [Fatal Error] :1:1: Premature end of file.
2024-07-21 00:16:08,385 [ERROR] LogOutputStream:75 - [STDERR_REDIRECT] 
2024-07-21 00:16:09,385 [ERROR] LogOutputStream:75 - [STDERR_REDIRECT] [Fatal Error] :1:1: Premature end of file.
2024-07-21 00:16:09,385 [ERROR] LogOutputStream:75 - [STDERR_REDIRECT] 
2024-07-21 00:16:10,384 [ERROR] LogOutputStream:75 - [STDERR_REDIRECT] [Fatal Error] :1:1: Premature end of file.
2024-07-21 00:16:10,384 [ERROR] LogOutputStream:75 - [STDERR_REDIRECT] 
2024-07-21 00:16:11,385 [ERROR] LogOutputStream:75 - [STDERR_REDIRECT] [Fatal Error] :1:1: Premature end of file.
2024-07-21 00:16:11,385 [ERROR] LogOutputStream:75 - [STDERR_REDIRECT] 
2024-07-21 00:16:12,386 [ERROR] LogOutputStream:75 - [STDERR_REDIRECT] [Fatal Error] :1:1: Premature end of file.
2024-07-21 00:16:12,386 [ERROR] LogOutputStream:75 - [STDERR_REDIRECT] 
2024-07-21 00:16:13,385 [ERROR] LogOutputStream:75 - [STDERR_REDIRECT] [Fatal Error] :1:1: Premature end of file.
2024-07-21 00:16:13,386 [ERROR] LogOutputStream:75 - [STDERR_REDIRECT] 
2024-07-21 00:16:14,386 [ERROR] LogOutputStream:75 - [STDERR_REDIRECT] [Fatal Error] :1:1: Premature end of file.
2024-07-21 00:16:14,386 [ERROR] LogOutputStream:75 - [STDERR_REDIRECT] 
2024-07-21 00:16:15,385 [ERROR] LogOutputStream:75 - [STDERR_REDIRECT] [Fatal Error] :1:1: Premature end of file.
2024-07-21 00:16:15,385 [ERROR] LogOutputStream:75 - [STDERR_REDIRECT] 
2024-07-21 00:16:16,385 [ERROR] LogOutputStream:75 - [STDERR_REDIRECT] [Fatal Error] :1:1: Premature end of file.
2024-07-21 00:16:16,385 [ERROR] LogOutputStream:75 - [STDERR_REDIRECT] 
2024-07-21 00:16:17,385 [ERROR] LogOutputStream:75 - [STDERR_REDIRECT] [Fatal Error] :1:1: Premature end of file.
2024-07-21 00:16:17,385 [ERROR] LogOutputStream:75 - [STDERR_REDIRECT] 
2024-07-21 00:16:18,385 [ERROR] LogOutputStream:75 - [STDERR_REDIRECT] [Fatal Error] :1:1: Premature end of file.
2024-07-21 00:16:18,385 [ERROR] LogOutputStream:75 - [STDERR_REDIRECT] 
2024-07-21 00:16:19,385 [ERROR] LogOutputStream:75 - [STDERR_REDIRECT] [Fatal Error] :1:1: Premature end of file.
2024-07-21 00:16:19,385 [ERROR] LogOutputStream:75 - [STDERR_REDIRECT] 
2024-07-21 00:16:20,384 [ERROR] LogOutputStream:75 - [STDERR_REDIRECT] [Fatal Error] :1:1: Premature end of file.
2024-07-21 00:16:20,384 [ERROR] LogOutputStream:75 - [STDERR_REDIRECT] 
2024-07-21 00:16:21,385 [ERROR] LogOutputStream:75 - [STDERR_REDIRECT] [Fatal Error] :1:1: Premature end of file.
2024-07-21 00:16:21,385 [ERROR] LogOutputStream:75 - [STDERR_REDIRECT] 
2024-07-21 00:16:22,384 [ERROR] LogOutputStream:75 - [STDERR_REDIRECT] [Fatal Error] :1:1: Premature end of file.
2024-07-21 00:16:22,384 [ERROR] LogOutputStream:75 - [STDERR_REDIRECT] 
2024-07-21 00:16:23,383 [ERROR] LogOutputStream:75 - [STDERR_REDIRECT] [Fatal Error] :1:1: Premature end of file.
2024-07-21 00:16:23,384 [ERROR] LogOutputStream:75 - [STDERR_REDIRECT] 
2024-07-21 00:16:24,384 [ERROR] LogOutputStream:75 - [STDERR_REDIRECT] [Fatal Error] :1:1: Premature end of file.
2024-07-21 00:16:24,384 [ERROR] LogOutputStream:75 - [STDERR_REDIRECT] 
2024-07-21 00:16:25,386 [ERROR] LogOutputStream:75 - [STDERR_REDIRECT] [Fatal Error] :1:1: Premature end of file.
2024-07-21 00:16:25,386 [ERROR] LogOutputStream:75 - [STDERR_REDIRECT] 
2024-07-21 00:16:26,385 [ERROR] LogOutputStream:75 - [STDERR_REDIRECT] [Fatal Error] :1:1: Premature end of file.
2024-07-21 00:16:26,385 [ERROR] LogOutputStream:75 - [STDERR_REDIRECT] 
2024-07-21 00:16:27,384 [ERROR] LogOutputStream:75 - [STDERR_REDIRECT] [Fatal Error] :1:1: Premature end of file.
2024-07-21 00:16:27,384 [ERROR] LogOutputStream:75 - [STDERR_REDIRECT] 
2024-07-21 00:16:28,384 [ERROR] LogOutputStream:75 - [STDERR_REDIRECT] [Fatal Error] :1:1: Premature end of file.
2024-07-21 00:16:28,384 [ERROR] LogOutputStream:75 - [STDERR_REDIRECT] 
2024-07-21 00:16:29,384 [ERROR] LogOutputStream:75 - [STDERR_REDIRECT] [Fatal Error] :1:1: Premature end of file.
2024-07-21 00:16:29,384 [ERROR] LogOutputStream:75 - [STDERR_REDIRECT] 
2024-07-21 00:16:30,385 [ERROR] LogOutputStream:75 - [STDERR_REDIRECT] [Fatal Error] :1:1: Premature end of file.
2024-07-21 00:16:30,385 [ERROR] LogOutputStream:75 - [STDERR_REDIRECT] 
2024-07-21 00:16:31,386 [ERROR] LogOutputStream:75 - [STDERR_REDIRECT] [Fatal Error] :1:1: Premature end of file.
2024-07-21 00:16:31,386 [ERROR] LogOutputStream:75 - [STDERR_REDIRECT] 
2024-07-21 00:16:32,384 [ERROR] LogOutputStream:75 - [STDERR_REDIRECT] [Fatal Error] :1:1: Premature end of file.
2024-07-21 00:16:32,384 [ERROR] LogOutputStream:75 - [STDERR_REDIRECT] 
2024-07-21 00:16:33,385 [ERROR] LogOutputStream:75 - [STDERR_REDIRECT] [Fatal Error] :1:1: Premature end of file.
2024-07-21 00:16:33,385 [ERROR] LogOutputStream:75 - [STDERR_REDIRECT] 
2024-07-21 00:16:34,385 [ERROR] LogOutputStream:75 - [STDERR_REDIRECT] [Fatal Error] :1:1: Premature end of file.
2024-07-21 00:16:34,385 [ERROR] LogOutputStream:75 - [STDERR_REDIRECT] 
2024-07-21 00:16:35,384 [ERROR] LogOutputStream:75 - [STDERR_REDIRECT] [Fatal Error] :1:1: Premature end of file.
2024-07-21 00:16:35,384 [ERROR] LogOutputStream:75 - [STDERR_REDIRECT] 
2024-07-21 00:16:36,384 [ERROR] LogOutputStream:75 - [STDERR_REDIRECT] [Fatal Error] :1:1: Premature end of file.
2024-07-21 00:16:36,384 [ERROR] LogOutputStream:75 - [STDERR_REDIRECT] 
2024-07-21 00:16:37,384 [ERROR] LogOutputStream:75 - [STDERR_REDIRECT] [Fatal Error] :1:1: Premature end of file.
2024-07-21 00:16:37,384 [ERROR] LogOutputStream:75 - [STDERR_REDIRECT] 
2024-07-21 00:16:38,385 [ERROR] LogOutputStream:75 - [STDERR_REDIRECT] [Fatal Error] :1:1: Premature end of file.
2024-07-21 00:16:38,385 [ERROR] LogOutputStream:75 - [STDERR_REDIRECT] 
2024-07-21 10:19:02,008 [INFO] Activator:176 - 


2024-07-21 10:19:02,008 [INFO] Activator:177 - !SESSION log4j initialized
2024-07-21 10:19:07,215 [INFO] LogOutputStream:77 - [STDOUT_REDIRECT] 
2024-07-21 10:19:08,541 [INFO] ApplicationProperties:184 - Using Application install path: C:\ST\STM32CubeIDE_1.13.2\STM32CubeIDE\plugins\com.st.stm32cube.common.mx_6.11.1.202404110753
2024-07-21 10:19:08,555 [INFO] DbMcusXml:78 - Set database path to: C:\ST\STM32CubeIDE_1.13.2\STM32CubeIDE\plugins\com.st.stm32cube.common.mx_6.11.1.202404110753\\db\/mcu/
2024-07-21 10:19:08,555 [INFO] ApiDb:274 - Set plugin database path to: C:\ST\STM32CubeIDE_1.13.2\STM32CubeIDE\plugins\com.st.stm32cube.common.mx_6.11.1.202404110753\\db\/plugins/boardmanager/
2024-07-21 10:19:08,555 [WARN] ApiDb:259 - Overriding images path with different value:  => C:\ST\STM32CubeIDE_1.13.2\STM32CubeIDE\plugins\com.st.stm32cube.common.mx_6.11.1.202404110753\\db\/plugins/mcufinder/images/
2024-07-21 10:19:08,562 [INFO] ApiDb:250 - Set database path to: C:\Users\user\.stmcufinder\plugins\mcufinder//mcu/
2024-07-21 10:19:08,563 [INFO] DbMcusAds:125 - Set database path to: C:\Users\user\.stmcufinder\plugins\mcufinder//mcu/
2024-07-21 10:19:08,565 [INFO] CrossReferenceDbSqlite:203 - Set database path to: C:\Users\user\.stmcufinder\plugins\mcufinder//mcu/cs/
2024-07-21 10:19:08,660 [INFO] RulesReader:64 - Compatibility file has been processed (297 Rules)
2024-07-21 10:19:08,725 [INFO] DbMcusXml:78 - Set database path to: C:\ST\STM32CubeIDE_1.13.2\STM32CubeIDE\plugins\com.st.stm32cube.common.mx_6.11.1.202404110753\\db\/mcu/
2024-07-21 10:19:08,725 [INFO] ApiDb:274 - Set plugin database path to: C:\ST\STM32CubeIDE_1.13.2\STM32CubeIDE\plugins\com.st.stm32cube.common.mx_6.11.1.202404110753\\db\/plugins/boardmanager/
2024-07-21 10:19:08,725 [INFO] ApiDb:261 - Set plugin images path to: C:\ST\STM32CubeIDE_1.13.2\STM32CubeIDE\plugins\com.st.stm32cube.common.mx_6.11.1.202404110753\\db\/plugins/mcufinder/images/
2024-07-21 10:19:08,725 [WARN] DbFile:41 - Overriding database path with different value: C:\Users\user\.stmcufinder\plugins\mcufinder/ => C:\Users\user\.stmcufinder\plugins\mcufinder
2024-07-21 10:19:08,725 [INFO] ApiDb:250 - Set database path to: C:\Users\user\.stmcufinder\plugins\mcufinder//mcu/
2024-07-21 10:19:08,725 [WARN] DbFile:41 - Overriding database path with different value: C:\Users\user\.stmcufinder\plugins\mcufinder/ => C:\Users\user\.stmcufinder\plugins\mcufinder
2024-07-21 10:19:08,725 [INFO] DbMcusAds:125 - Set database path to: C:\Users\user\.stmcufinder\plugins\mcufinder//mcu/
2024-07-21 10:19:08,726 [WARN] DbFile:41 - Overriding database path with different value: C:\Users\user\.stmcufinder\plugins\mcufinder/ => C:\Users\user\.stmcufinder\plugins\mcufinder
2024-07-21 10:19:08,726 [WARN] DbFile:41 - Overriding database path with different value: C:\Users\user\.stmcufinder\plugins\mcufinder/ => C:\Users\user\.stmcufinder\plugins\mcufinder
2024-07-21 10:19:08,726 [INFO] CrossReferenceDbSqlite:203 - Set database path to: C:\Users\user\.stmcufinder\plugins\mcufinder//mcu/cs/
2024-07-21 10:19:08,779 [INFO] MainPanel:264 - HeapMemory: 268435456
2024-07-21 10:19:08,850 [INFO] DbMcusXml:78 - Set database path to: C:\ST\STM32CubeIDE_1.13.2\STM32CubeIDE\plugins\com.st.stm32cube.common.mx_6.11.1.202404110753\\db\/mcu/
2024-07-21 10:19:08,850 [INFO] ApiDb:274 - Set plugin database path to: C:\ST\STM32CubeIDE_1.13.2\STM32CubeIDE\plugins\com.st.stm32cube.common.mx_6.11.1.202404110753\\db\/plugins/boardmanager/
2024-07-21 10:19:08,850 [INFO] ApiDb:261 - Set plugin images path to: C:\ST\STM32CubeIDE_1.13.2\STM32CubeIDE\plugins\com.st.stm32cube.common.mx_6.11.1.202404110753\\db\/plugins/mcufinder/images/
2024-07-21 10:19:08,851 [WARN] DbFile:41 - Overriding database path with different value: C:\Users\user\.stmcufinder\plugins\mcufinder/ => C:\Users\user\.stmcufinder\plugins\mcufinder
2024-07-21 10:19:08,851 [INFO] ApiDb:250 - Set database path to: C:\Users\user\.stmcufinder\plugins\mcufinder//mcu/
2024-07-21 10:19:08,851 [WARN] DbFile:41 - Overriding database path with different value: C:\Users\user\.stmcufinder\plugins\mcufinder/ => C:\Users\user\.stmcufinder\plugins\mcufinder
2024-07-21 10:19:08,851 [INFO] DbMcusAds:125 - Set database path to: C:\Users\user\.stmcufinder\plugins\mcufinder//mcu/
2024-07-21 10:19:08,851 [WARN] DbFile:41 - Overriding database path with different value: C:\Users\user\.stmcufinder\plugins\mcufinder/ => C:\Users\user\.stmcufinder\plugins\mcufinder
2024-07-21 10:19:08,851 [WARN] DbFile:41 - Overriding database path with different value: C:\Users\user\.stmcufinder\plugins\mcufinder/ => C:\Users\user\.stmcufinder\plugins\mcufinder
2024-07-21 10:19:08,851 [INFO] CrossReferenceDbSqlite:203 - Set database path to: C:\Users\user\.stmcufinder\plugins\mcufinder//mcu/cs/
2024-07-21 10:19:08,864 [INFO] ApplicationProperties:184 - Using Application install path: C:\ST\STM32CubeIDE_1.13.2\STM32CubeIDE\plugins\com.st.stm32cube.common.mx_6.11.1.202404110753
2024-07-21 10:19:08,865 [INFO] PluginManage:196 - Search for loadable plugins [exclusion list=, ]
2024-07-21 10:19:08,866 [INFO] PluginManage:310 - Check plugin analytics
2024-07-21 10:19:08,987 [INFO] AnalyticsPlugin:253 - Accepted Software Licenses: 
2024-07-21 10:19:08,988 [INFO] AnalyticsPlugin:255 - Accepted CMSIS Pack Licenses: 
2024-07-21 10:19:08,988 [INFO] AnalyticsPlugin:257 - Accepted Firmware Licenses: FW.F4.1.27.0,FW.F4.1.28.0
2024-07-21 10:19:08,991 [INFO] PluginManage:359 - Loaded plugin analytics (category:tool,tabindex:-1)
2024-07-21 10:19:08,992 [INFO] PluginManage:310 - Check plugin cadmodel
2024-07-21 10:19:09,004 [INFO] CADModel:105 - Init CAD model plugin
2024-07-21 10:19:09,004 [INFO] PluginManage:359 - Loaded plugin cadmodel (category:power,tabindex:5)
2024-07-21 10:19:09,004 [INFO] PluginManage:310 - Check plugin clock
2024-07-21 10:19:09,019 [INFO] PluginManage:359 - Loaded plugin clock (category:base,tabindex:2)
2024-07-21 10:19:09,019 [INFO] PluginManage:310 - Check plugin ddr
2024-07-21 10:19:09,021 [INFO] PluginManage:359 - Loaded plugin ddr (category:tool,tabindex:6)
2024-07-21 10:19:09,021 [INFO] PluginManage:310 - Check plugin filemanager
2024-07-21 10:19:09,121 [INFO] PluginManage:359 - Loaded plugin filemanager (category:base,tabindex:10)
2024-07-21 10:19:09,121 [INFO] PluginManage:310 - Check plugin ipmanager
2024-07-21 10:19:09,127 [INFO] PluginManage:359 - Loaded plugin ipmanager (category:base,tabindex:5)
2024-07-21 10:19:09,127 [INFO] PluginManage:310 - Check plugin lpbam
2024-07-21 10:19:09,141 [INFO] PluginManage:359 - Loaded plugin lpbam (category:base,tabindex:0)
2024-07-21 10:19:09,141 [INFO] PluginManage:310 - Check plugin memorymap
2024-07-21 10:19:09,159 [INFO] PluginManage:359 - Loaded plugin memorymap (category:base,tabindex:4)
2024-07-21 10:19:09,159 [INFO] PluginManage:310 - Check plugin pinoutandconfiguration
2024-07-21 10:19:09,172 [INFO] PluginManage:359 - Loaded plugin pinoutandconfiguration (category:base,tabindex:1)
2024-07-21 10:19:09,172 [INFO] PluginManage:310 - Check plugin pinoutconfig
2024-07-21 10:19:09,246 [WARN] SupportedApi:132 - Cannot load RTOS API schema: s4s-elt-must-match.1: The content of 'definitions' must match (annotation?, (simpleType | complexType)?, (unique | key | keyref)*)). A problem was found starting at: attribute.
2024-07-21 10:19:09,342 [INFO] PluginManage:359 - Loaded plugin pinoutconfig (category:base,tabindex:0)
2024-07-21 10:19:09,342 [INFO] PluginManage:310 - Check plugin power
2024-07-21 10:19:09,357 [INFO] PluginManage:359 - Loaded plugin power (category:power,tabindex:4)
2024-07-21 10:19:09,357 [INFO] PluginManage:310 - Check plugin projectmanager
2024-07-21 10:19:09,369 [INFO] PluginManage:359 - Loaded plugin projectmanager (category:projectmanager,tabindex:3)
2024-07-21 10:19:09,370 [INFO] PluginManage:310 - Check plugin thirdparty
2024-07-21 10:19:09,569 [INFO] PluginManage:359 - Loaded plugin thirdparty (category:base,tabindex:-1)
2024-07-21 10:19:09,570 [INFO] PluginManage:310 - Check plugin tools
2024-07-21 10:19:09,570 [WARN] IntegrityCheckThread:84 - waiting for thirdparty lock release [integrity check]
2024-07-21 10:19:09,570 [INFO] IntegrityCheckThread:86 - entering critical section [integrity check]
2024-07-21 10:19:09,570 [INFO] ThirdPartyUpdaterWithRetryManager:70 - Updater plugin not ready yet. [1/15]
2024-07-21 10:19:09,597 [INFO] PluginManage:359 - Loaded plugin tools (category:base,tabindex:7)
2024-07-21 10:19:09,597 [INFO] PluginManage:310 - Check plugin tutovideos
2024-07-21 10:19:09,736 [INFO] PluginManage:359 - Loaded plugin tutovideos (category:base,tabindex:-1)
2024-07-21 10:19:09,736 [INFO] PluginManage:310 - Check plugin updater
2024-07-21 10:19:09,745 [INFO] PluginManage:359 - Loaded plugin updater (category:base,tabindex:12)
2024-07-21 10:19:09,745 [INFO] PluginManage:310 - Check plugin userauth
2024-07-21 10:19:09,749 [INFO] UserAuth:114 - Init User Auth plugin
2024-07-21 10:19:09,750 [INFO] PluginManage:359 - Loaded plugin userauth (category:base,tabindex:14)
2024-07-21 10:19:09,750 [INFO] PluginManage:283 - PluginManage : Loaded plugins [17]
2024-07-21 10:19:09,907 [INFO] PinOutPanel:1561 - setPackage(No Configuration,No Configuration)
2024-07-21 10:19:09,962 [INFO] CADModel:165 - CPN selected for project level
2024-07-21 10:19:09,962 [INFO] CADModel:114 - Register for checkConnection events
2024-07-21 10:19:09,985 [INFO] IPUIPlugin:80 - create IPUIPlugin
2024-07-21 10:19:09,985 [INFO] PluginManager:220 - loadIPPluginJar : add adc
2024-07-21 10:19:10,018 [INFO] IPUIPlugin:80 - create IPUIPlugin
2024-07-21 10:19:10,018 [INFO] PluginManager:220 - loadIPPluginJar : add aes
2024-07-21 10:19:10,051 [INFO] IPUIPlugin:80 - create IPUIPlugin
2024-07-21 10:19:10,051 [INFO] PluginManager:220 - loadIPPluginJar : add can
2024-07-21 10:19:10,070 [INFO] IPUIPlugin:80 - create IPUIPlugin
2024-07-21 10:19:10,071 [INFO] PluginManager:220 - loadIPPluginJar : add comp
2024-07-21 10:19:10,098 [INFO] IPUIPlugin:80 - create IPUIPlugin
2024-07-21 10:19:10,098 [INFO] PluginManager:220 - loadIPPluginJar : add cryp
2024-07-21 10:19:10,121 [INFO] IPUIPlugin:80 - create IPUIPlugin
2024-07-21 10:19:10,121 [INFO] PluginManager:220 - loadIPPluginJar : add dfsdm
2024-07-21 10:19:10,131 [INFO] IPUIPlugin:80 - create IPUIPlugin
2024-07-21 10:19:10,132 [INFO] PluginManager:220 - loadIPPluginJar : add dma
2024-07-21 10:19:10,162 [INFO] IPUIPlugin:80 - create IPUIPlugin
2024-07-21 10:19:10,163 [INFO] PluginManager:220 - loadIPPluginJar : add dma3
2024-07-21 10:19:10,193 [INFO] IPUIPlugin:80 - create IPUIPlugin
2024-07-21 10:19:10,193 [INFO] PluginManager:220 - loadIPPluginJar : add extmemmanager
2024-07-21 10:19:10,207 [INFO] IPUIPlugin:80 - create IPUIPlugin
2024-07-21 10:19:10,207 [INFO] PluginManager:220 - loadIPPluginJar : add fatfs
2024-07-21 10:19:10,239 [INFO] IPUIPlugin:80 - create IPUIPlugin
2024-07-21 10:19:10,239 [INFO] PluginManager:220 - loadIPPluginJar : add fmc
2024-07-21 10:19:10,250 [INFO] IPUIPlugin:80 - create IPUIPlugin
2024-07-21 10:19:10,250 [INFO] PluginManager:220 - loadIPPluginJar : add freertos
2024-07-21 10:19:10,265 [INFO] IPUIPlugin:80 - create IPUIPlugin
2024-07-21 10:19:10,265 [INFO] PluginManager:220 - loadIPPluginJar : add genericplugin
2024-07-21 10:19:10,347 [INFO] IPUIPlugin:80 - create IPUIPlugin
2024-07-21 10:19:10,348 [INFO] PluginManager:220 - loadIPPluginJar : add gfxmmu
2024-07-21 10:19:10,447 [INFO] IPUIPlugin:80 - create IPUIPlugin
2024-07-21 10:19:10,447 [INFO] PluginManager:220 - loadIPPluginJar : add gic
2024-07-21 10:19:10,457 [INFO] IPUIPlugin:80 - create IPUIPlugin
2024-07-21 10:19:10,458 [INFO] PluginManager:220 - loadIPPluginJar : add gpio
2024-07-21 10:19:10,549 [INFO] IPUIPlugin:80 - create IPUIPlugin
2024-07-21 10:19:10,549 [INFO] PluginManager:220 - loadIPPluginJar : add gtzc
2024-07-21 10:19:10,583 [INFO] IPUIPlugin:80 - create IPUIPlugin
2024-07-21 10:19:10,583 [INFO] PluginManager:220 - loadIPPluginJar : add hash
2024-07-21 10:19:10,636 [INFO] IPUIPlugin:80 - create IPUIPlugin
2024-07-21 10:19:10,637 [INFO] PluginManager:220 - loadIPPluginJar : add i2c
2024-07-21 10:19:10,674 [INFO] IPUIPlugin:80 - create IPUIPlugin
2024-07-21 10:19:10,675 [INFO] PluginManager:220 - loadIPPluginJar : add i2s
2024-07-21 10:19:10,704 [INFO] IPUIPlugin:80 - create IPUIPlugin
2024-07-21 10:19:10,704 [INFO] PluginManager:220 - loadIPPluginJar : add i3c
2024-07-21 10:19:10,774 [INFO] IPUIPlugin:80 - create IPUIPlugin
2024-07-21 10:19:10,774 [INFO] PluginManager:220 - loadIPPluginJar : add ipddr
2024-07-21 10:19:10,836 [INFO] IPUIPlugin:80 - create IPUIPlugin
2024-07-21 10:19:10,836 [INFO] PluginManager:220 - loadIPPluginJar : add linkedlist
2024-07-21 10:19:10,861 [INFO] IPUIPlugin:80 - create IPUIPlugin
2024-07-21 10:19:10,861 [INFO] PluginManager:220 - loadIPPluginJar : add lorawan
2024-07-21 10:19:10,886 [INFO] IPUIPlugin:80 - create IPUIPlugin
2024-07-21 10:19:10,886 [INFO] PluginManager:220 - loadIPPluginJar : add ltdc
2024-07-21 10:19:10,898 [INFO] IPUIPlugin:80 - create IPUIPlugin
2024-07-21 10:19:10,898 [INFO] PluginManager:220 - loadIPPluginJar : add mdma
2024-07-21 10:19:10,906 [INFO] IPUIPlugin:80 - create IPUIPlugin
2024-07-21 10:19:10,906 [INFO] PluginManager:220 - loadIPPluginJar : add nvic
2024-07-21 10:19:10,934 [INFO] IPUIPlugin:80 - create IPUIPlugin
2024-07-21 10:19:10,934 [INFO] PluginManager:220 - loadIPPluginJar : add opamp
2024-07-21 10:19:10,976 [INFO] IPUIPlugin:80 - create IPUIPlugin
2024-07-21 10:19:10,976 [INFO] PluginManager:220 - loadIPPluginJar : add openamp
2024-07-21 10:19:11,007 [INFO] IPUIPlugin:80 - create IPUIPlugin
2024-07-21 10:19:11,007 [INFO] PluginManager:220 - loadIPPluginJar : add pdm2pcm
2024-07-21 10:19:11,017 [INFO] IPUIPlugin:80 - create IPUIPlugin
2024-07-21 10:19:11,019 [INFO] PluginManager:220 - loadIPPluginJar : add plateformsettings
2024-07-21 10:19:11,034 [INFO] IPUIPlugin:80 - create IPUIPlugin
2024-07-21 10:19:11,034 [INFO] PluginManager:220 - loadIPPluginJar : add quadspi
2024-07-21 10:19:11,042 [INFO] IPUIPlugin:80 - create IPUIPlugin
2024-07-21 10:19:11,042 [INFO] PluginManager:220 - loadIPPluginJar : add resmgrutility
2024-07-21 10:19:11,075 [INFO] IPUIPlugin:80 - create IPUIPlugin
2024-07-21 10:19:11,075 [INFO] PluginManager:220 - loadIPPluginJar : add sai
2024-07-21 10:19:11,099 [INFO] IPUIPlugin:80 - create IPUIPlugin
2024-07-21 10:19:11,099 [INFO] PluginManager:220 - loadIPPluginJar : add spi
2024-07-21 10:19:11,144 [INFO] IPUIPlugin:80 - create IPUIPlugin
2024-07-21 10:19:11,144 [INFO] PluginManager:220 - loadIPPluginJar : add stm32_wpan
2024-07-21 10:19:11,160 [INFO] IPUIPlugin:80 - create IPUIPlugin
2024-07-21 10:19:11,160 [INFO] PluginManager:220 - loadIPPluginJar : add tim
2024-07-21 10:19:11,200 [INFO] IPUIPlugin:80 - create IPUIPlugin
2024-07-21 10:19:11,200 [INFO] PluginManager:220 - loadIPPluginJar : add touchsensing
2024-07-21 10:19:11,217 [INFO] IPUIPlugin:80 - create IPUIPlugin
2024-07-21 10:19:11,217 [INFO] PluginManager:220 - loadIPPluginJar : add tracer_emb
2024-07-21 10:19:11,232 [INFO] IPUIPlugin:80 - create IPUIPlugin
2024-07-21 10:19:11,232 [INFO] PluginManager:220 - loadIPPluginJar : add ts
2024-07-21 10:19:11,246 [INFO] IPUIPlugin:80 - create IPUIPlugin
2024-07-21 10:19:11,247 [INFO] PluginManager:220 - loadIPPluginJar : add tsc
2024-07-21 10:19:11,260 [INFO] IPUIPlugin:80 - create IPUIPlugin
2024-07-21 10:19:11,260 [INFO] PluginManager:220 - loadIPPluginJar : add ucpd
2024-07-21 10:19:11,289 [INFO] IPUIPlugin:80 - create IPUIPlugin
2024-07-21 10:19:11,289 [INFO] PluginManager:220 - loadIPPluginJar : add usart
2024-07-21 10:19:11,319 [INFO] IPUIPlugin:80 - create IPUIPlugin
2024-07-21 10:19:11,319 [INFO] PluginManager:220 - loadIPPluginJar : add usbx
2024-07-21 10:19:11,427 [INFO] CADModel:165 - CPN selected for project level
2024-07-21 10:19:11,427 [INFO] CADModel:114 - Register for checkConnection events
2024-07-21 10:19:11,427 [FATAL] Updater:308 - Updater called before beeing initialized
2024-07-21 10:19:11,428 [ERROR] CADModel:125 - Updater not yet initialized, retry later 
2024-07-21 10:19:11,526 [INFO] CADModel:165 - CPN selected for project level
2024-07-21 10:19:11,526 [INFO] CADModel:114 - Register for checkConnection events
2024-07-21 10:19:11,526 [FATAL] Updater:308 - Updater called before beeing initialized
2024-07-21 10:19:11,526 [ERROR] CADModel:125 - Updater not yet initialized, retry later 
2024-07-21 10:19:11,528 [FATAL] Updater:308 - Updater called before beeing initialized
2024-07-21 10:19:11,592 [FATAL] Updater:308 - Updater called before beeing initialized
2024-07-21 10:19:11,601 [INFO] DbMcusAds:53 - JSON generation date=Thu May 16 11:22:00 CEST 2024 (1715851320667)
2024-07-21 10:19:11,601 [FATAL] Updater:308 - Updater called before beeing initialized
2024-07-21 10:19:11,665 [WARN] DetailPanel:346 - Failed to get advertising image, set to default
2024-07-21 10:19:11,741 [FATAL] Updater:308 - Updater called before beeing initialized
2024-07-21 10:19:11,743 [FATAL] Updater:308 - Updater called before beeing initialized
2024-07-21 10:19:11,743 [FATAL] Updater:308 - Updater called before beeing initialized
2024-07-21 10:19:11,743 [WARN] DetailPanel:346 - Failed to get advertising image, set to default
2024-07-21 10:19:11,744 [FATAL] Updater:308 - Updater called before beeing initialized
2024-07-21 10:19:11,786 [ERROR] Updater:1120 - MainUpdater not yet initialized. External WinMGr cannot be set.
2024-07-21 10:19:11,794 [INFO] Updater:1056 - Updater Version found : 6.11.1
2024-07-21 10:19:11,813 [INFO] ApplicationProperties:184 - Using Application install path: C:\ST\STM32CubeIDE_1.13.2\STM32CubeIDE\plugins\com.st.stm32cube.common.mx_6.11.1.202404110753
2024-07-21 10:19:12,571 [INFO] ThirdPartyUpdaterWithRetryManager:70 - Updater plugin not ready yet. [2/15]
2024-07-21 10:19:13,392 [ERROR] LogOutputStream:75 - [STDERR_REDIRECT] Jul 21, 2024 10:19:13 AM java.util.prefs.WindowsPreferences <init>
2024-07-21 10:19:13,393 [ERROR] LogOutputStream:75 - [STDERR_REDIRECT] WARNING: Could not open/create prefs root node Software\JavaSoft\Prefs at root 0xffffffff80000002. Windows RegCreateKeyEx(...) returned error code 5.
2024-07-21 10:19:13,393 [ERROR] LogOutputStream:75 - [STDERR_REDIRECT] 
2024-07-21 10:19:13,664 [INFO] MainUpdater:2873 - connection check result : 10
2024-07-21 10:19:13,665 [INFO] MainUpdater:290 - Updater Check For Update Now.
2024-07-21 10:19:13,665 [INFO] MicroXplorer:498 - Change Database Version : DB.6.0.111
2024-07-21 10:19:13,679 [INFO] McuFinderGlobals:63 - Set McuFinder mode to 2 (CubeIDE integrated)
2024-07-21 10:19:13,693 [INFO] UserAuth:415 - Internet connection configuration mode: 1
2024-07-21 10:19:13,725 [INFO] JxBrowserEngine:152 - Initiate JxBrowser Engine with user profile folder
2024-07-21 10:19:13,848 [INFO] CheckServerUpdateThread:120 - End of CheckServer Thread
2024-07-21 10:19:15,711 [WARN] PackLoader:240 - Cannot read IP mode file for STMicroelectronics.FP-SNS-MOTENVWB1.1.4.0
2024-07-21 10:19:15,725 [WARN] PackLoader:240 - Cannot read IP mode file for STMicroelectronics.X-CUBE-SMBUS.2.1.0
2024-07-21 10:19:15,735 [WARN] PackLoader:240 - Cannot read IP mode file for STMicroelectronics.X-CUBE-TOUCHGFX.4.23.0
2024-07-21 10:19:15,744 [WARN] PackLoader:240 - Cannot read IP mode file for STMicroelectronics.X-CUBE-TOUCHGFX.4.23.2
2024-07-21 10:19:15,771 [WARN] PackLoader:240 - Cannot read IP mode file for STMicroelectronics.X-CUBE-AZRTOS-F7.1.1.0
2024-07-21 10:19:15,785 [WARN] PackLoader:240 - Cannot read IP mode file for STMicroelectronics.FP-SNS-MOTENV1.4.3.2
2024-07-21 10:19:15,795 [WARN] PackLoader:240 - Cannot read IP mode file for STMicroelectronics.FP-SNS-FLIGHT1.5.0.2
2024-07-21 10:19:15,808 [WARN] PackLoader:240 - Cannot read IP mode file for STMicroelectronics.X-CUBE-DISPLAY.3.0.0
2024-07-21 10:19:15,822 [WARN] PackLoader:240 - Cannot read IP mode file for STMicroelectronics.X-CUBE-BLE1.7.0.0
2024-07-21 10:19:15,833 [WARN] PackLoader:240 - Cannot read IP mode file for emotas.I-CUBE-CANOPEN.1.3.0
2024-07-21 10:19:15,842 [WARN] PackLoader:240 - Cannot read IP mode file for STMicroelectronics.X-CUBE-TOUCHGFX.4.22.1
2024-07-21 10:19:15,855 [WARN] PackLoader:240 - Cannot read IP mode file for STMicroelectronics.X-CUBE-BLEMGR.3.1.0
2024-07-21 10:19:15,867 [WARN] PackLoader:240 - Cannot read IP mode file for STMicroelectronics.FP-SNS-SMARTAG2.1.2.0
2024-07-21 10:19:15,882 [INFO] LogOutputStream:77 - [STDOUT_REDIRECT] 1 : Invalid condition id : UX_CORESTACK_Condition cause : null
2024-07-21 10:19:15,883 [INFO] LogOutputStream:77 - [STDOUT_REDIRECT] 1 : Invalid condition id : UX_CORESTACK_Condition cause : null
2024-07-21 10:19:15,883 [INFO] LogOutputStream:77 - [STDOUT_REDIRECT] 1 : Invalid condition id : UX_CORESTACK_Condition cause : null
2024-07-21 10:19:15,884 [INFO] LogOutputStream:77 - [STDOUT_REDIRECT] 1 : Invalid condition id : UX_CORESTACK_Condition cause : null
2024-07-21 10:19:15,884 [INFO] LogOutputStream:77 - [STDOUT_REDIRECT] 1 : Invalid condition id : UX_CORESTACK_Condition cause : null
2024-07-21 10:19:15,886 [WARN] PackLoader:240 - Cannot read IP mode file for STMicroelectronics.X-CUBE-AZRTOS-WL.2.0.0
2024-07-21 10:19:15,895 [WARN] PackLoader:240 - Cannot read IP mode file for STMicroelectronics.FP-SNS-MOTENV1.5.0.0
2024-07-21 10:19:15,904 [WARN] PackLoader:240 - Cannot read IP mode file for wolfSSL.I-CUBE-wolfMQTT.1.19.0
2024-07-21 10:19:15,915 [WARN] PackLoader:240 - Cannot read IP mode file for WES.I-CUBE-Cesium.1.3.0
2024-07-21 10:19:15,924 [WARN] PackLoader:240 - Cannot read IP mode file for STMicroelectronics.X-CUBE-BLE2.3.3.0
2024-07-21 10:19:15,933 [WARN] PackLoader:240 - Cannot read IP mode file for STMicroelectronics.X-CUBE-TCPP.4.1.0
2024-07-21 10:19:15,944 [WARN] PackLoader:240 - Cannot read IP mode file for STMicroelectronics.X-CUBE-ALGOBUILD.1.3.0
2024-07-21 10:19:15,964 [WARN] PackLoader:240 - Cannot read IP mode file for STMicroelectronics.X-CUBE-AZRTOS-G0.1.1.0
2024-07-21 10:19:15,976 [WARN] PackLoader:240 - Cannot read IP mode file for STMicroelectronics.X-CUBE-SAFEA1.1.2.2
2024-07-21 10:19:15,986 [WARN] PackLoader:240 - Cannot read IP mode file for STMicroelectronics.X-CUBE-NFC4.3.0.0
2024-07-21 10:19:15,995 [WARN] PackLoader:240 - Cannot read IP mode file for wolfSSL.I-CUBE-wolfMQTT.1.18.0
2024-07-21 10:19:16,008 [WARN] PackLoader:240 - Cannot read IP mode file for EmbeddedOffice.I-CUBE-FS-RTOS.1.0.1
2024-07-21 10:19:16,008 [ERROR] ConditionMgr:805 - Attr not supported : Dmpu
2024-07-21 10:19:16,009 [ERROR] ConditionMgr:805 - Attr not supported : Dmpu
2024-07-21 10:19:16,009 [ERROR] ConditionMgr:805 - Attr not supported : Dmpu
2024-07-21 10:19:16,009 [ERROR] ConditionMgr:805 - Attr not supported : Dmpu
2024-07-21 10:19:16,009 [ERROR] ConditionMgr:805 - Attr not supported : Dmpu
2024-07-21 10:19:16,009 [ERROR] ConditionMgr:805 - Attr not supported : Dmpu
2024-07-21 10:19:16,009 [ERROR] ConditionMgr:805 - Attr not supported : Dmpu
2024-07-21 10:19:16,009 [ERROR] ConditionMgr:805 - Attr not supported : Dmpu
2024-07-21 10:19:16,009 [ERROR] ConditionMgr:805 - Attr not supported : Dmpu
2024-07-21 10:19:16,009 [ERROR] ConditionMgr:805 - Attr not supported : Dmpu
2024-07-21 10:19:16,009 [ERROR] ConditionMgr:805 - Attr not supported : Dmpu
2024-07-21 10:19:16,009 [ERROR] ConditionMgr:805 - Attr not supported : Dmpu
2024-07-21 10:19:16,009 [ERROR] ConditionMgr:805 - Attr not supported : Dmpu
2024-07-21 10:19:16,009 [ERROR] ConditionMgr:805 - Attr not supported : Dmpu
2024-07-21 10:19:16,009 [ERROR] ConditionMgr:805 - Attr not supported : Dmpu
2024-07-21 10:19:16,009 [ERROR] ConditionMgr:805 - Attr not supported : Dmpu
2024-07-21 10:19:16,009 [ERROR] ConditionMgr:805 - Attr not supported : Dmpu
2024-07-21 10:19:16,009 [ERROR] ConditionMgr:805 - Attr not supported : Dmpu
2024-07-21 10:19:16,009 [ERROR] ConditionMgr:805 - Attr not supported : Dmpu
2024-07-21 10:19:16,009 [ERROR] ConditionMgr:805 - Attr not supported : Dmpu
2024-07-21 10:19:16,009 [ERROR] ConditionMgr:805 - Attr not supported : Dmpu
2024-07-21 10:19:16,009 [ERROR] ConditionMgr:805 - Attr not supported : Dmpu
2024-07-21 10:19:16,009 [ERROR] ConditionMgr:805 - Attr not supported : Dmpu
2024-07-21 10:19:16,009 [ERROR] ConditionMgr:805 - Attr not supported : Dmpu
2024-07-21 10:19:16,009 [ERROR] ConditionMgr:805 - Attr not supported : Dmpu
2024-07-21 10:19:16,009 [ERROR] ConditionMgr:805 - Attr not supported : Dmpu
2024-07-21 10:19:16,009 [ERROR] ConditionMgr:805 - Attr not supported : Dmpu
2024-07-21 10:19:16,009 [ERROR] ConditionMgr:805 - Attr not supported : Dmpu
2024-07-21 10:19:16,009 [ERROR] ConditionMgr:805 - Attr not supported : Dmpu
2024-07-21 10:19:16,009 [ERROR] ConditionMgr:805 - Attr not supported : Dmpu
2024-07-21 10:19:16,009 [ERROR] ConditionMgr:805 - Attr not supported : Dmpu
2024-07-21 10:19:16,010 [ERROR] ConditionMgr:805 - Attr not supported : Dmpu
2024-07-21 10:19:16,010 [ERROR] ConditionMgr:805 - Attr not supported : Dmpu
2024-07-21 10:19:16,010 [ERROR] ConditionMgr:805 - Attr not supported : Dmpu
2024-07-21 10:19:16,010 [ERROR] ConditionMgr:805 - Attr not supported : Dmpu
2024-07-21 10:19:16,010 [ERROR] ConditionMgr:805 - Attr not supported : Dmpu
2024-07-21 10:19:16,010 [ERROR] ConditionMgr:805 - Attr not supported : Dmpu
2024-07-21 10:19:16,010 [ERROR] ConditionMgr:805 - Attr not supported : Dmpu
2024-07-21 10:19:16,010 [ERROR] ConditionMgr:805 - Attr not supported : Dmpu
2024-07-21 10:19:16,010 [ERROR] ConditionMgr:805 - Attr not supported : Dmpu
2024-07-21 10:19:16,010 [ERROR] ConditionMgr:805 - Attr not supported : Dmpu
2024-07-21 10:19:16,010 [ERROR] ConditionMgr:805 - Attr not supported : Dmpu
2024-07-21 10:19:16,010 [ERROR] ConditionMgr:805 - Attr not supported : Dmpu
2024-07-21 10:19:16,010 [ERROR] ConditionMgr:805 - Attr not supported : Dmpu
2024-07-21 10:19:16,010 [ERROR] ConditionMgr:805 - Attr not supported : Dmpu
2024-07-21 10:19:16,010 [ERROR] ConditionMgr:805 - Attr not supported : Dmpu
2024-07-21 10:19:16,010 [ERROR] ConditionMgr:805 - Attr not supported : Dmpu
2024-07-21 10:19:16,010 [ERROR] ConditionMgr:805 - Attr not supported : Dmpu
2024-07-21 10:19:16,010 [ERROR] ConditionMgr:805 - Attr not supported : Dmpu
2024-07-21 10:19:16,010 [ERROR] ConditionMgr:805 - Attr not supported : Dmpu
2024-07-21 10:19:16,010 [ERROR] ConditionMgr:805 - Attr not supported : Dmpu
2024-07-21 10:19:16,010 [ERROR] ConditionMgr:805 - Attr not supported : Dmpu
2024-07-21 10:19:16,010 [ERROR] ConditionMgr:805 - Attr not supported : Dmpu
2024-07-21 10:19:16,010 [ERROR] ConditionMgr:805 - Attr not supported : Dmpu
2024-07-21 10:19:16,010 [ERROR] ConditionMgr:805 - Attr not supported : Dmpu
2024-07-21 10:19:16,010 [ERROR] ConditionMgr:805 - Attr not supported : Dmpu
2024-07-21 10:19:16,010 [ERROR] ConditionMgr:805 - Attr not supported : Dmpu
2024-07-21 10:19:16,011 [ERROR] ConditionMgr:805 - Attr not supported : Dmpu
2024-07-21 10:19:16,011 [ERROR] ConditionMgr:805 - Attr not supported : Dmpu
2024-07-21 10:19:16,011 [ERROR] ConditionMgr:805 - Attr not supported : Dmpu
2024-07-21 10:19:16,011 [ERROR] ConditionMgr:805 - Attr not supported : Dmpu
2024-07-21 10:19:16,011 [ERROR] ConditionMgr:805 - Attr not supported : Dmpu
2024-07-21 10:19:16,011 [ERROR] ConditionMgr:805 - Attr not supported : Dmpu
2024-07-21 10:19:16,011 [ERROR] ConditionMgr:805 - Attr not supported : Dmpu
2024-07-21 10:19:16,024 [WARN] PackLoader:240 - Cannot read IP mode file for STMicroelectronics.X-CUBE-BLEMGR.3.0.0
2024-07-21 10:19:16,037 [WARN] PackLoader:240 - Cannot read IP mode file for RealThread.X-CUBE-RT-Thread_Nano.4.1.1
2024-07-21 10:19:16,047 [WARN] PackLoader:240 - Cannot read IP mode file for STMicroelectronics.FP-ATR-SIGFOX1.3.2.0
2024-07-21 10:19:16,059 [WARN] PackLoader:240 - Cannot read IP mode file for STMicroelectronics.X-CUBE-EEPRMA1.5.1.0
2024-07-21 10:19:16,091 [WARN] PackLoader:240 - Cannot read IP mode file for SEGGER.I-CUBE-embOS.1.3.1
2024-07-21 10:19:16,164 [WARN] PackLoader:240 - Cannot read IP mode file for STMicroelectronics.X-CUBE-ALGOBUILD.1.4.0
2024-07-21 10:19:16,176 [WARN] PackLoader:240 - Cannot read IP mode file for STMicroelectronics.X-CUBE-GNSS1.6.0.0
2024-07-21 10:19:16,197 [WARN] PackLoader:240 - Cannot read IP mode file for STMicroelectronics.X-CUBE-AZRTOS-F4.1.1.0
2024-07-21 10:19:16,208 [WARN] PackLoader:240 - Cannot read IP mode file for wolfSSL.I-CUBE-wolfSSL.5.6.3
2024-07-21 10:19:16,218 [WARN] PackLoader:240 - Cannot read IP mode file for STMicroelectronics.X-CUBE-FREERTOS.1.2.0
2024-07-21 10:19:16,240 [WARN] PackLoader:240 - Cannot read IP mode file for STMicroelectronics.X-CUBE-AZRTOS-L5.2.0.0
2024-07-21 10:19:16,288 [WARN] PackLoader:240 - Cannot read IP mode file for STMicroelectronics.X-CUBE-MEMS1.9.6.0
2024-07-21 10:19:16,407 [WARN] PackLoader:240 - Cannot read IP mode file for STMicroelectronics.X-CUBE-EEPRMA1.4.2.0
2024-07-21 10:19:16,424 [WARN] PackLoader:240 - Cannot read IP mode file for STMicroelectronics.X-CUBE-NFC6.3.1.0
2024-07-21 10:19:16,439 [WARN] PackLoader:240 - Cannot read IP mode file for ITTIA_DB.I-CUBE-ITTIADB.8.8.0
2024-07-21 10:19:16,452 [WARN] PackLoader:240 - Cannot read IP mode file for STMicroelectronics.X-CUBE-BLEMGR.2.0.0
2024-07-21 10:19:16,464 [WARN] PackLoader:240 - Cannot read IP mode file for STMicroelectronics.X-CUBE-DPower.1.2.0
2024-07-21 10:19:16,477 [WARN] PackLoader:240 - Cannot read IP mode file for STMicroelectronics.X-CUBE-AI.9.0.0
2024-07-21 10:19:16,500 [WARN] ConditionMgr:438 - getConditionDescription Invalid condition id : UX DEVICE CLASS RTOS Condition cause : null
2024-07-21 10:19:16,500 [WARN] ConditionMgr:438 - getConditionDescription Invalid condition id : UX DEVICE CLASS RTOS Condition cause : null
2024-07-21 10:19:16,502 [WARN] PackLoader:240 - Cannot read IP mode file for STMicroelectronics.X-CUBE-AZRTOS-H7.3.1.0
2024-07-21 10:19:16,503 [WARN] ConditionMgr:1039 - genDependencies : Invalid condition id : UX DEVICE CLASS RTOS Condition cause : null
2024-07-21 10:19:16,503 [WARN] ConditionMgr:1039 - genDependencies : Invalid condition id : UX DEVICE CLASS RTOS Condition cause : null
2024-07-21 10:19:16,503 [WARN] ConditionMgr:1039 - genDependencies : Invalid condition id : UX DEVICE CLASS RTOS Condition cause : null
2024-07-21 10:19:16,504 [WARN] ConditionMgr:1039 - genDependencies : Invalid condition id : UX DEVICE CLASS RTOS Condition cause : null
2024-07-21 10:19:16,504 [WARN] ConditionMgr:1039 - genDependencies : Invalid condition id : UX DEVICE CLASS RTOS Condition cause : null
2024-07-21 10:19:16,519 [WARN] PackLoader:240 - Cannot read IP mode file for STMicroelectronics.X-CUBE-NFC7.1.0.1
2024-07-21 10:19:16,532 [WARN] PackLoader:240 - Cannot read IP mode file for wolfSSL.I-CUBE-wolfTPM.3.2.0
2024-07-21 10:19:16,546 [WARN] PackLoader:240 - Cannot read IP mode file for STMicroelectronics.X-CUBE-NFC6.3.0.0
2024-07-21 10:19:16,563 [WARN] PackLoader:240 - Cannot read IP mode file for STMicroelectronics.X-CUBE-EEPRMA1.4.1.0
2024-07-21 10:19:16,579 [WARN] PackLoader:240 - Cannot read IP mode file for STMicroelectronics.X-CUBE-AI.8.1.0
2024-07-21 10:19:16,610 [WARN] ConditionMgr:438 - getConditionDescription Invalid condition id : LAN8742 Phy interface Condition cause : null
2024-07-21 10:19:16,611 [WARN] PackLoader:240 - Cannot read IP mode file for STMicroelectronics.X-CUBE-AZRTOS-L4.2.0.0
2024-07-21 10:19:16,612 [WARN] ConditionMgr:1039 - genDependencies : Invalid condition id : LAN8742 Phy interface Condition cause : null
2024-07-21 10:19:16,612 [WARN] ConditionMgr:1039 - genDependencies : Invalid condition id : LAN8742 Phy interface Condition cause : null
2024-07-21 10:19:16,613 [WARN] ConditionMgr:1039 - genDependencies : Invalid condition id : LAN8742 Phy interface Condition cause : null
2024-07-21 10:19:16,634 [WARN] PackLoader:240 - Cannot read IP mode file for STMicroelectronics.X-CUBE-SFXS2LP1.4.0.0
2024-07-21 10:19:16,648 [WARN] PackLoader:240 - Cannot read IP mode file for STMicroelectronics.X-CUBE-ISPU.1.1.0
2024-07-21 10:19:16,671 [WARN] ConditionMgr:438 - getConditionDescription Invalid condition id : UX DEVICE CLASS RTOS Condition cause : null
2024-07-21 10:19:16,672 [WARN] ConditionMgr:438 - getConditionDescription Invalid condition id : UX DEVICE CLASS RTOS Condition cause : null
2024-07-21 10:19:16,673 [WARN] PackLoader:240 - Cannot read IP mode file for STMicroelectronics.X-CUBE-AZRTOS-WB.2.0.0
2024-07-21 10:19:16,674 [WARN] ConditionMgr:1039 - genDependencies : Invalid condition id : UX DEVICE CLASS RTOS Condition cause : null
2024-07-21 10:19:16,674 [WARN] ConditionMgr:1039 - genDependencies : Invalid condition id : UX DEVICE CLASS RTOS Condition cause : null
2024-07-21 10:19:16,674 [WARN] ConditionMgr:1039 - genDependencies : Invalid condition id : UX DEVICE CLASS RTOS Condition cause : null
2024-07-21 10:19:16,674 [WARN] ConditionMgr:1039 - genDependencies : Invalid condition id : UX DEVICE CLASS RTOS Condition cause : null
2024-07-21 10:19:16,674 [WARN] ConditionMgr:1039 - genDependencies : Invalid condition id : UX DEVICE CLASS RTOS Condition cause : null
2024-07-21 10:19:16,692 [WARN] PackLoader:240 - Cannot read IP mode file for STMicroelectronics.FP-SNS-STBOX1.2.0.0
2024-07-21 10:19:16,720 [WARN] PackLoader:240 - Cannot read IP mode file for STMicroelectronics.X-CUBE-SUBG2.5.0.0
2024-07-21 10:19:16,741 [WARN] PackLoader:240 - Cannot read IP mode file for Cesanta.I-CUBE-Mongoose.7.13.0
2024-07-21 10:19:16,760 [WARN] PackLoader:240 - Cannot read IP mode file for STMicroelectronics.X-CUBE-TOF1.3.3.1
2024-07-21 10:19:16,803 [WARN] PackLoader:240 - Cannot read IP mode file for STMicroelectronics.X-CUBE-AZRTOS-G4.2.0.0
2024-07-21 10:19:16,828 [WARN] PackLoader:240 - Cannot read IP mode file for Infineon.AIROC-Wi-Fi-Bluetooth-STM32.1.5.1
2024-07-21 10:19:16,845 [WARN] PackLoader:240 - Cannot read IP mode file for STMicroelectronics.FP-SNS-MOTENVWB1.1.3.0
2024-07-21 10:19:16,859 [WARN] PackLoader:240 - Cannot read IP mode file for STMicroelectronics.FP-SNS-MOTENVWB1.1.3.1
2024-07-21 10:19:16,871 [WARN] PackLoader:240 - Cannot read IP mode file for STMicroelectronics.X-CUBE-ISPU.2.0.0
2024-07-21 10:19:16,885 [WARN] PackLoader:240 - Cannot read IP mode file for STMicroelectronics.X-CUBE-ALS.1.0.2
2024-07-21 10:19:16,928 [WARN] PackLoader:240 - Cannot read IP mode file for STMicroelectronics.X-CUBE-MEMS1.10.0.0
2024-07-21 10:19:17,020 [WARN] PackLoader:240 - Cannot read IP mode file for STMicroelectronics.X-CUBE-FREERTOS.1.1.0
2024-07-21 10:19:17,035 [WARN] PackLoader:240 - Cannot read IP mode file for STMicroelectronics.X-CUBE-TOUCHGFX.4.24.0
2024-07-21 10:19:17,050 [WARN] PackLoader:240 - Cannot read IP mode file for portGmbH.I-Cube-SoM-uGOAL.1.1.0
2024-07-21 10:19:17,064 [WARN] PackLoader:240 - Cannot read IP mode file for STMicroelectronics.X-CUBE-ALS.1.0.1
2024-07-21 10:19:17,089 [WARN] PackLoader:240 - Cannot read IP mode file for STMicroelectronics.X-CUBE-AZRTOS-H7RS.1.0.0
2024-07-21 10:19:17,108 [WARN] PackLoader:240 - Cannot read IP mode file for STMicroelectronics.FP-ATR-ASTRA1.2.0.0
2024-07-21 10:19:17,127 [WARN] PackLoader:240 - Cannot read IP mode file for STMicroelectronics.X-CUBE-TOF1.3.4.0
2024-07-21 10:19:17,151 [WARN] PackLoader:240 - Cannot read IP mode file for STMicroelectronics.X-CUBE-TOF1.3.4.1
2024-07-21 10:19:17,183 [WARN] PackLoader:240 - Cannot read IP mode file for STMicroelectronics.X-CUBE-AZRTOS-H7.3.2.0
2024-07-21 10:19:17,196 [WARN] PackLoader:240 - Cannot read IP mode file for wolfSSL.I-CUBE-wolfSSH.1.4.17
2024-07-21 10:19:17,197 [INFO] ThirdParty:978 - Integrity check success = true
2024-07-21 10:19:17,197 [INFO] IntegrityCheckThread:100 - exiting critical section [integrity check]
2024-07-21 10:19:17,197 [INFO] IntegrityCheckThread:103 - End integrity checks thread
2024-07-21 10:19:17,645 [INFO] WebApp:161 - Instantiating new browser for Auth
2024-07-21 10:19:18,123 [INFO] WebApp:779 - Register for checkConnection events
2024-07-21 10:19:18,123 [INFO] WebApp:414 - Apply proxy settings
2024-07-21 10:19:18,123 [INFO] WebApp:499 - Chromium requires no authentication
2024-07-21 10:19:18,128 [INFO] WebApp:442 - Direct internet connection detected
2024-07-21 10:19:18,236 [INFO] WebApp:192 - Starting web application
2024-07-21 10:19:18,237 [INFO] WebApp:544 - Web application path used C:\ST\STM32CubeIDE_1.13.2\STM32CubeIDE\plugins\com.st.stm32cube.common.mx_6.11.1.202404110753\db\plugins\mcufinder\reactClient1\index.html
2024-07-21 19:13:31,284 [ERROR] LogOutputStream:75 - [STDERR_REDIRECT] 
