2024-07-19 18:17:31,304 [INFO] Activator:176 - 


2024-07-19 18:17:31,304 [INFO] Activator:177 - !SESSION log4j initialized
2024-07-19 18:17:36,143 [INFO] LogOutputStream:77 - [STDOUT_REDIRECT] 
2024-07-19 18:17:38,688 [INFO] ApplicationProperties:184 - Using Application install path: C:\ST\STM32CubeIDE_1.13.2\STM32CubeIDE\plugins\com.st.stm32cube.common.mx_6.11.1.202404110753
2024-07-19 18:17:38,705 [INFO] DbMcusXml:78 - Set database path to: C:\ST\STM32CubeIDE_1.13.2\STM32CubeIDE\plugins\com.st.stm32cube.common.mx_6.11.1.202404110753\\db\/mcu/
2024-07-19 18:17:38,705 [INFO] ApiDb:274 - Set plugin database path to: C:\ST\STM32CubeIDE_1.13.2\STM32CubeIDE\plugins\com.st.stm32cube.common.mx_6.11.1.202404110753\\db\/plugins/boardmanager/
2024-07-19 18:17:38,705 [WARN] ApiDb:259 - Overriding images path with different value:  => C:\ST\STM32CubeIDE_1.13.2\STM32CubeIDE\plugins\com.st.stm32cube.common.mx_6.11.1.202404110753\\db\/plugins/mcufinder/images/
2024-07-19 18:17:38,711 [INFO] ApiDb:250 - Set database path to: C:\Users\user\.stmcufinder\plugins\mcufinder//mcu/
2024-07-19 18:17:38,712 [INFO] DbMcusAds:125 - Set database path to: C:\Users\user\.stmcufinder\plugins\mcufinder//mcu/
2024-07-19 18:17:38,714 [INFO] CrossReferenceDbSqlite:203 - Set database path to: C:\Users\user\.stmcufinder\plugins\mcufinder//mcu/cs/
2024-07-19 18:17:38,797 [INFO] RulesReader:64 - Compatibility file has been processed (297 Rules)
2024-07-19 18:17:38,866 [INFO] DbMcusXml:78 - Set database path to: C:\ST\STM32CubeIDE_1.13.2\STM32CubeIDE\plugins\com.st.stm32cube.common.mx_6.11.1.202404110753\\db\/mcu/
2024-07-19 18:17:38,866 [INFO] ApiDb:274 - Set plugin database path to: C:\ST\STM32CubeIDE_1.13.2\STM32CubeIDE\plugins\com.st.stm32cube.common.mx_6.11.1.202404110753\\db\/plugins/boardmanager/
2024-07-19 18:17:38,866 [INFO] ApiDb:261 - Set plugin images path to: C:\ST\STM32CubeIDE_1.13.2\STM32CubeIDE\plugins\com.st.stm32cube.common.mx_6.11.1.202404110753\\db\/plugins/mcufinder/images/
2024-07-19 18:17:38,866 [WARN] DbFile:41 - Overriding database path with different value: C:\Users\user\.stmcufinder\plugins\mcufinder/ => C:\Users\user\.stmcufinder\plugins\mcufinder
2024-07-19 18:17:38,867 [INFO] ApiDb:250 - Set database path to: C:\Users\user\.stmcufinder\plugins\mcufinder//mcu/
2024-07-19 18:17:38,867 [WARN] DbFile:41 - Overriding database path with different value: C:\Users\user\.stmcufinder\plugins\mcufinder/ => C:\Users\user\.stmcufinder\plugins\mcufinder
2024-07-19 18:17:38,867 [INFO] DbMcusAds:125 - Set database path to: C:\Users\user\.stmcufinder\plugins\mcufinder//mcu/
2024-07-19 18:17:38,867 [WARN] DbFile:41 - Overriding database path with different value: C:\Users\user\.stmcufinder\plugins\mcufinder/ => C:\Users\user\.stmcufinder\plugins\mcufinder
2024-07-19 18:17:38,867 [WARN] DbFile:41 - Overriding database path with different value: C:\Users\user\.stmcufinder\plugins\mcufinder/ => C:\Users\user\.stmcufinder\plugins\mcufinder
2024-07-19 18:17:38,867 [INFO] CrossReferenceDbSqlite:203 - Set database path to: C:\Users\user\.stmcufinder\plugins\mcufinder//mcu/cs/
2024-07-19 18:17:38,920 [INFO] MainPanel:264 - HeapMemory: 268435456
2024-07-19 18:17:38,987 [INFO] DbMcusXml:78 - Set database path to: C:\ST\STM32CubeIDE_1.13.2\STM32CubeIDE\plugins\com.st.stm32cube.common.mx_6.11.1.202404110753\\db\/mcu/
2024-07-19 18:17:38,987 [INFO] ApiDb:274 - Set plugin database path to: C:\ST\STM32CubeIDE_1.13.2\STM32CubeIDE\plugins\com.st.stm32cube.common.mx_6.11.1.202404110753\\db\/plugins/boardmanager/
2024-07-19 18:17:38,987 [INFO] ApiDb:261 - Set plugin images path to: C:\ST\STM32CubeIDE_1.13.2\STM32CubeIDE\plugins\com.st.stm32cube.common.mx_6.11.1.202404110753\\db\/plugins/mcufinder/images/
2024-07-19 18:17:38,988 [WARN] DbFile:41 - Overriding database path with different value: C:\Users\user\.stmcufinder\plugins\mcufinder/ => C:\Users\user\.stmcufinder\plugins\mcufinder
2024-07-19 18:17:38,988 [INFO] ApiDb:250 - Set database path to: C:\Users\user\.stmcufinder\plugins\mcufinder//mcu/
2024-07-19 18:17:38,988 [WARN] DbFile:41 - Overriding database path with different value: C:\Users\user\.stmcufinder\plugins\mcufinder/ => C:\Users\user\.stmcufinder\plugins\mcufinder
2024-07-19 18:17:38,988 [INFO] DbMcusAds:125 - Set database path to: C:\Users\user\.stmcufinder\plugins\mcufinder//mcu/
2024-07-19 18:17:38,988 [WARN] DbFile:41 - Overriding database path with different value: C:\Users\user\.stmcufinder\plugins\mcufinder/ => C:\Users\user\.stmcufinder\plugins\mcufinder
2024-07-19 18:17:38,988 [WARN] DbFile:41 - Overriding database path with different value: C:\Users\user\.stmcufinder\plugins\mcufinder/ => C:\Users\user\.stmcufinder\plugins\mcufinder
2024-07-19 18:17:38,988 [INFO] CrossReferenceDbSqlite:203 - Set database path to: C:\Users\user\.stmcufinder\plugins\mcufinder//mcu/cs/
2024-07-19 18:17:39,000 [INFO] ApplicationProperties:184 - Using Application install path: C:\ST\STM32CubeIDE_1.13.2\STM32CubeIDE\plugins\com.st.stm32cube.common.mx_6.11.1.202404110753
2024-07-19 18:17:39,001 [INFO] PluginManage:196 - Search for loadable plugins [exclusion list=, ]
2024-07-19 18:17:39,002 [INFO] PluginManage:310 - Check plugin analytics
2024-07-19 18:17:39,137 [INFO] AnalyticsPlugin:253 - Accepted Software Licenses: 
2024-07-19 18:17:39,138 [INFO] AnalyticsPlugin:255 - Accepted CMSIS Pack Licenses: 
2024-07-19 18:17:39,138 [INFO] AnalyticsPlugin:257 - Accepted Firmware Licenses: FW.F4.1.27.0,FW.F4.1.28.0
2024-07-19 18:17:39,140 [INFO] PluginManage:359 - Loaded plugin analytics (category:tool,tabindex:-1)
2024-07-19 18:17:39,140 [INFO] PluginManage:310 - Check plugin cadmodel
2024-07-19 18:17:39,153 [INFO] CADModel:105 - Init CAD model plugin
2024-07-19 18:17:39,153 [INFO] PluginManage:359 - Loaded plugin cadmodel (category:power,tabindex:5)
2024-07-19 18:17:39,154 [INFO] PluginManage:310 - Check plugin clock
2024-07-19 18:17:39,169 [INFO] PluginManage:359 - Loaded plugin clock (category:base,tabindex:2)
2024-07-19 18:17:39,170 [INFO] PluginManage:310 - Check plugin ddr
2024-07-19 18:17:39,171 [INFO] PluginManage:359 - Loaded plugin ddr (category:tool,tabindex:6)
2024-07-19 18:17:39,171 [INFO] PluginManage:310 - Check plugin filemanager
2024-07-19 18:17:39,269 [INFO] PluginManage:359 - Loaded plugin filemanager (category:base,tabindex:10)
2024-07-19 18:17:39,269 [INFO] PluginManage:310 - Check plugin ipmanager
2024-07-19 18:17:39,274 [INFO] PluginManage:359 - Loaded plugin ipmanager (category:base,tabindex:5)
2024-07-19 18:17:39,274 [INFO] PluginManage:310 - Check plugin lpbam
2024-07-19 18:17:39,288 [INFO] PluginManage:359 - Loaded plugin lpbam (category:base,tabindex:0)
2024-07-19 18:17:39,288 [INFO] PluginManage:310 - Check plugin memorymap
2024-07-19 18:17:39,306 [INFO] PluginManage:359 - Loaded plugin memorymap (category:base,tabindex:4)
2024-07-19 18:17:39,306 [INFO] PluginManage:310 - Check plugin pinoutandconfiguration
2024-07-19 18:17:39,320 [INFO] PluginManage:359 - Loaded plugin pinoutandconfiguration (category:base,tabindex:1)
2024-07-19 18:17:39,320 [INFO] PluginManage:310 - Check plugin pinoutconfig
2024-07-19 18:17:39,392 [WARN] SupportedApi:132 - Cannot load RTOS API schema: s4s-elt-must-match.1: The content of 'definitions' must match (annotation?, (simpleType | complexType)?, (unique | key | keyref)*)). A problem was found starting at: attribute.
2024-07-19 18:17:39,489 [INFO] PluginManage:359 - Loaded plugin pinoutconfig (category:base,tabindex:0)
2024-07-19 18:17:39,490 [INFO] PluginManage:310 - Check plugin power
2024-07-19 18:17:39,505 [INFO] PluginManage:359 - Loaded plugin power (category:power,tabindex:4)
2024-07-19 18:17:39,505 [INFO] PluginManage:310 - Check plugin projectmanager
2024-07-19 18:17:39,517 [INFO] PluginManage:359 - Loaded plugin projectmanager (category:projectmanager,tabindex:3)
2024-07-19 18:17:39,517 [INFO] PluginManage:310 - Check plugin thirdparty
2024-07-19 18:17:39,704 [INFO] PluginManage:359 - Loaded plugin thirdparty (category:base,tabindex:-1)
2024-07-19 18:17:39,704 [WARN] IntegrityCheckThread:84 - waiting for thirdparty lock release [integrity check]
2024-07-19 18:17:39,704 [INFO] PluginManage:310 - Check plugin tools
2024-07-19 18:17:39,704 [INFO] IntegrityCheckThread:86 - entering critical section [integrity check]
2024-07-19 18:17:39,705 [INFO] ThirdPartyUpdaterWithRetryManager:70 - Updater plugin not ready yet. [1/15]
2024-07-19 18:17:39,729 [INFO] PluginManage:359 - Loaded plugin tools (category:base,tabindex:7)
2024-07-19 18:17:39,729 [INFO] PluginManage:310 - Check plugin tutovideos
2024-07-19 18:17:39,864 [INFO] PluginManage:359 - Loaded plugin tutovideos (category:base,tabindex:-1)
2024-07-19 18:17:39,864 [INFO] PluginManage:310 - Check plugin updater
2024-07-19 18:17:39,872 [INFO] PluginManage:359 - Loaded plugin updater (category:base,tabindex:12)
2024-07-19 18:17:39,872 [INFO] PluginManage:310 - Check plugin userauth
2024-07-19 18:17:39,875 [INFO] UserAuth:114 - Init User Auth plugin
2024-07-19 18:17:39,875 [INFO] PluginManage:359 - Loaded plugin userauth (category:base,tabindex:14)
2024-07-19 18:17:39,875 [INFO] PluginManage:283 - PluginManage : Loaded plugins [17]
2024-07-19 18:17:40,031 [INFO] PinOutPanel:1561 - setPackage(No Configuration,No Configuration)
2024-07-19 18:17:40,079 [INFO] CADModel:165 - CPN selected for project level
2024-07-19 18:17:40,080 [INFO] CADModel:114 - Register for checkConnection events
2024-07-19 18:17:40,099 [INFO] IPUIPlugin:80 - create IPUIPlugin
2024-07-19 18:17:40,099 [INFO] PluginManager:220 - loadIPPluginJar : add adc
2024-07-19 18:17:40,126 [INFO] IPUIPlugin:80 - create IPUIPlugin
2024-07-19 18:17:40,126 [INFO] PluginManager:220 - loadIPPluginJar : add aes
2024-07-19 18:17:40,156 [INFO] IPUIPlugin:80 - create IPUIPlugin
2024-07-19 18:17:40,156 [INFO] PluginManager:220 - loadIPPluginJar : add can
2024-07-19 18:17:40,173 [INFO] IPUIPlugin:80 - create IPUIPlugin
2024-07-19 18:17:40,173 [INFO] PluginManager:220 - loadIPPluginJar : add comp
2024-07-19 18:17:40,196 [INFO] IPUIPlugin:80 - create IPUIPlugin
2024-07-19 18:17:40,197 [INFO] PluginManager:220 - loadIPPluginJar : add cryp
2024-07-19 18:17:40,216 [INFO] IPUIPlugin:80 - create IPUIPlugin
2024-07-19 18:17:40,216 [INFO] PluginManager:220 - loadIPPluginJar : add dfsdm
2024-07-19 18:17:40,228 [INFO] IPUIPlugin:80 - create IPUIPlugin
2024-07-19 18:17:40,228 [INFO] PluginManager:220 - loadIPPluginJar : add dma
2024-07-19 18:17:40,256 [INFO] IPUIPlugin:80 - create IPUIPlugin
2024-07-19 18:17:40,256 [INFO] PluginManager:220 - loadIPPluginJar : add dma3
2024-07-19 18:17:40,284 [INFO] IPUIPlugin:80 - create IPUIPlugin
2024-07-19 18:17:40,284 [INFO] PluginManager:220 - loadIPPluginJar : add extmemmanager
2024-07-19 18:17:40,298 [INFO] IPUIPlugin:80 - create IPUIPlugin
2024-07-19 18:17:40,298 [INFO] PluginManager:220 - loadIPPluginJar : add fatfs
2024-07-19 18:17:40,327 [INFO] IPUIPlugin:80 - create IPUIPlugin
2024-07-19 18:17:40,327 [INFO] PluginManager:220 - loadIPPluginJar : add fmc
2024-07-19 18:17:40,338 [INFO] IPUIPlugin:80 - create IPUIPlugin
2024-07-19 18:17:40,339 [INFO] PluginManager:220 - loadIPPluginJar : add freertos
2024-07-19 18:17:40,352 [INFO] IPUIPlugin:80 - create IPUIPlugin
2024-07-19 18:17:40,352 [INFO] PluginManager:220 - loadIPPluginJar : add genericplugin
2024-07-19 18:17:40,411 [INFO] IPUIPlugin:80 - create IPUIPlugin
2024-07-19 18:17:40,411 [INFO] PluginManager:220 - loadIPPluginJar : add gfxmmu
2024-07-19 18:17:40,496 [INFO] IPUIPlugin:80 - create IPUIPlugin
2024-07-19 18:17:40,496 [INFO] PluginManager:220 - loadIPPluginJar : add gic
2024-07-19 18:17:40,505 [INFO] IPUIPlugin:80 - create IPUIPlugin
2024-07-19 18:17:40,505 [INFO] PluginManager:220 - loadIPPluginJar : add gpio
2024-07-19 18:17:40,564 [INFO] IPUIPlugin:80 - create IPUIPlugin
2024-07-19 18:17:40,564 [INFO] PluginManager:220 - loadIPPluginJar : add gtzc
2024-07-19 18:17:40,584 [INFO] IPUIPlugin:80 - create IPUIPlugin
2024-07-19 18:17:40,584 [INFO] PluginManager:220 - loadIPPluginJar : add hash
2024-07-19 18:17:40,619 [INFO] IPUIPlugin:80 - create IPUIPlugin
2024-07-19 18:17:40,619 [INFO] PluginManager:220 - loadIPPluginJar : add i2c
2024-07-19 18:17:40,646 [INFO] IPUIPlugin:80 - create IPUIPlugin
2024-07-19 18:17:40,646 [INFO] PluginManager:220 - loadIPPluginJar : add i2s
2024-07-19 18:17:40,672 [INFO] IPUIPlugin:80 - create IPUIPlugin
2024-07-19 18:17:40,672 [INFO] PluginManager:220 - loadIPPluginJar : add i3c
2024-07-19 18:17:40,740 [INFO] IPUIPlugin:80 - create IPUIPlugin
2024-07-19 18:17:40,740 [INFO] PluginManager:220 - loadIPPluginJar : add ipddr
2024-07-19 18:17:40,806 [INFO] IPUIPlugin:80 - create IPUIPlugin
2024-07-19 18:17:40,806 [INFO] PluginManager:220 - loadIPPluginJar : add linkedlist
2024-07-19 18:17:40,830 [INFO] IPUIPlugin:80 - create IPUIPlugin
2024-07-19 18:17:40,830 [INFO] PluginManager:220 - loadIPPluginJar : add lorawan
2024-07-19 18:17:40,854 [INFO] IPUIPlugin:80 - create IPUIPlugin
2024-07-19 18:17:40,854 [INFO] PluginManager:220 - loadIPPluginJar : add ltdc
2024-07-19 18:17:40,864 [INFO] IPUIPlugin:80 - create IPUIPlugin
2024-07-19 18:17:40,864 [INFO] PluginManager:220 - loadIPPluginJar : add mdma
2024-07-19 18:17:40,872 [INFO] IPUIPlugin:80 - create IPUIPlugin
2024-07-19 18:17:40,872 [INFO] PluginManager:220 - loadIPPluginJar : add nvic
2024-07-19 18:17:40,896 [INFO] IPUIPlugin:80 - create IPUIPlugin
2024-07-19 18:17:40,896 [INFO] PluginManager:220 - loadIPPluginJar : add opamp
2024-07-19 18:17:40,934 [INFO] IPUIPlugin:80 - create IPUIPlugin
2024-07-19 18:17:40,934 [INFO] PluginManager:220 - loadIPPluginJar : add openamp
2024-07-19 18:17:40,961 [INFO] IPUIPlugin:80 - create IPUIPlugin
2024-07-19 18:17:40,962 [INFO] PluginManager:220 - loadIPPluginJar : add pdm2pcm
2024-07-19 18:17:40,971 [INFO] IPUIPlugin:80 - create IPUIPlugin
2024-07-19 18:17:40,973 [INFO] PluginManager:220 - loadIPPluginJar : add plateformsettings
2024-07-19 18:17:40,987 [INFO] IPUIPlugin:80 - create IPUIPlugin
2024-07-19 18:17:40,987 [INFO] PluginManager:220 - loadIPPluginJar : add quadspi
2024-07-19 18:17:40,995 [INFO] IPUIPlugin:80 - create IPUIPlugin
2024-07-19 18:17:40,995 [INFO] PluginManager:220 - loadIPPluginJar : add resmgrutility
2024-07-19 18:17:41,027 [INFO] IPUIPlugin:80 - create IPUIPlugin
2024-07-19 18:17:41,027 [INFO] PluginManager:220 - loadIPPluginJar : add sai
2024-07-19 18:17:41,051 [INFO] IPUIPlugin:80 - create IPUIPlugin
2024-07-19 18:17:41,051 [INFO] PluginManager:220 - loadIPPluginJar : add spi
2024-07-19 18:17:41,095 [INFO] IPUIPlugin:80 - create IPUIPlugin
2024-07-19 18:17:41,095 [INFO] PluginManager:220 - loadIPPluginJar : add stm32_wpan
2024-07-19 18:17:41,110 [INFO] IPUIPlugin:80 - create IPUIPlugin
2024-07-19 18:17:41,111 [INFO] PluginManager:220 - loadIPPluginJar : add tim
2024-07-19 18:17:41,151 [INFO] IPUIPlugin:80 - create IPUIPlugin
2024-07-19 18:17:41,151 [INFO] PluginManager:220 - loadIPPluginJar : add touchsensing
2024-07-19 18:17:41,166 [INFO] IPUIPlugin:80 - create IPUIPlugin
2024-07-19 18:17:41,166 [INFO] PluginManager:220 - loadIPPluginJar : add tracer_emb
2024-07-19 18:17:41,180 [INFO] IPUIPlugin:80 - create IPUIPlugin
2024-07-19 18:17:41,180 [INFO] PluginManager:220 - loadIPPluginJar : add ts
2024-07-19 18:17:41,194 [INFO] IPUIPlugin:80 - create IPUIPlugin
2024-07-19 18:17:41,194 [INFO] PluginManager:220 - loadIPPluginJar : add tsc
2024-07-19 18:17:41,207 [INFO] IPUIPlugin:80 - create IPUIPlugin
2024-07-19 18:17:41,207 [INFO] PluginManager:220 - loadIPPluginJar : add ucpd
2024-07-19 18:17:41,236 [INFO] IPUIPlugin:80 - create IPUIPlugin
2024-07-19 18:17:41,236 [INFO] PluginManager:220 - loadIPPluginJar : add usart
2024-07-19 18:17:41,264 [INFO] IPUIPlugin:80 - create IPUIPlugin
2024-07-19 18:17:41,264 [INFO] PluginManager:220 - loadIPPluginJar : add usbx
2024-07-19 18:17:41,375 [INFO] CADModel:165 - CPN selected for project level
2024-07-19 18:17:41,375 [INFO] CADModel:114 - Register for checkConnection events
2024-07-19 18:17:41,375 [FATAL] Updater:308 - Updater called before beeing initialized
2024-07-19 18:17:41,375 [ERROR] CADModel:125 - Updater not yet initialized, retry later 
2024-07-19 18:17:41,472 [INFO] CADModel:165 - CPN selected for project level
2024-07-19 18:17:41,472 [INFO] CADModel:114 - Register for checkConnection events
2024-07-19 18:17:41,472 [FATAL] Updater:308 - Updater called before beeing initialized
2024-07-19 18:17:41,472 [ERROR] CADModel:125 - Updater not yet initialized, retry later 
2024-07-19 18:17:41,475 [FATAL] Updater:308 - Updater called before beeing initialized
2024-07-19 18:17:41,540 [FATAL] Updater:308 - Updater called before beeing initialized
2024-07-19 18:17:41,548 [INFO] DbMcusAds:53 - JSON generation date=Thu May 16 11:22:00 CEST 2024 (1715851320667)
2024-07-19 18:17:41,548 [FATAL] Updater:308 - Updater called before beeing initialized
2024-07-19 18:17:41,604 [WARN] DetailPanel:346 - Failed to get advertising image, set to default
2024-07-19 18:17:41,667 [FATAL] Updater:308 - Updater called before beeing initialized
2024-07-19 18:17:41,669 [FATAL] Updater:308 - Updater called before beeing initialized
2024-07-19 18:17:41,669 [FATAL] Updater:308 - Updater called before beeing initialized
2024-07-19 18:17:41,669 [WARN] DetailPanel:346 - Failed to get advertising image, set to default
2024-07-19 18:17:41,669 [FATAL] Updater:308 - Updater called before beeing initialized
2024-07-19 18:17:41,713 [ERROR] Updater:1120 - MainUpdater not yet initialized. External WinMGr cannot be set.
2024-07-19 18:17:41,720 [INFO] Updater:1056 - Updater Version found : 6.11.1
2024-07-19 18:17:41,736 [INFO] ApplicationProperties:184 - Using Application install path: C:\ST\STM32CubeIDE_1.13.2\STM32CubeIDE\plugins\com.st.stm32cube.common.mx_6.11.1.202404110753
2024-07-19 18:17:42,705 [INFO] ThirdPartyUpdaterWithRetryManager:70 - Updater plugin not ready yet. [2/15]
2024-07-19 18:17:43,314 [ERROR] LogOutputStream:75 - [STDERR_REDIRECT] Jul 19, 2024 6:17:43 PM java.util.prefs.WindowsPreferences <init>
2024-07-19 18:17:43,315 [ERROR] LogOutputStream:75 - [STDERR_REDIRECT] WARNING: Could not open/create prefs root node Software\JavaSoft\Prefs at root 0xffffffff80000002. Windows RegCreateKeyEx(...) returned error code 5.
2024-07-19 18:17:43,315 [ERROR] LogOutputStream:75 - [STDERR_REDIRECT] 
2024-07-19 18:17:43,591 [INFO] MainUpdater:2873 - connection check result : 10
2024-07-19 18:17:43,591 [INFO] MainUpdater:3567 - Updater definition file requires update
2024-07-19 18:17:43,592 [INFO] MainUpdater:290 - Updater Check For Update Now.
2024-07-19 18:17:43,592 [INFO] MicroXplorer:498 - Change Database Version : DB.6.0.111
2024-07-19 18:17:43,604 [INFO] McuFinderGlobals:63 - Set McuFinder mode to 2 (CubeIDE integrated)
2024-07-19 18:17:43,611 [INFO] UserAuth:415 - Internet connection configuration mode: 1
2024-07-19 18:17:43,627 [INFO] JxBrowserEngine:152 - Initiate JxBrowser Engine with user profile folder
2024-07-19 18:17:43,664 [INFO] ServerAccessManage:473 - Download File updaters.zip
2024-07-19 18:17:43,746 [INFO] FileExtend:240 - Unzip File : updaters.zip
2024-07-19 18:17:43,746 [INFO] FileExtend:255 - Standard Zip Deflate
2024-07-19 18:17:44,065 [INFO] ServerAccessManage:473 - Download File PacksControlFlags.xml
2024-07-19 18:17:44,145 [INFO] ServerAccessManage:473 - Download File cubemx.pidx
2024-07-19 18:17:44,338 [INFO] ServerAccessManage:473 - Download File STMicroelectronics.FP-SNS-STBOX1.pdsc
2024-07-19 18:17:45,616 [INFO] ServerAccessManage:473 - Download File wolfSSL.I-CUBE-wolfSSH.pdsc
2024-07-19 18:17:45,706 [WARN] MainUpdater:1194 - Updater busy. Cannot search thirdparties
2024-07-19 18:17:45,706 [INFO] ThirdPartyUpdaterWithRetryManager:96 - Updater plugin is busy. [1/15]
2024-07-19 18:17:46,431 [WARN] PackLoader:240 - Cannot read IP mode file for STMicroelectronics.FP-SNS-STBOX1.2.0.0
2024-07-19 18:17:46,439 [WARN] PackLoader:240 - Cannot read IP mode file for wolfSSL.I-CUBE-wolfSSH.1.4.17
2024-07-19 18:17:46,440 [INFO] PopulateThirdPartyThread:66 - Ending populate Thread
2024-07-19 18:17:46,441 [INFO] ThirdParty:1030 - CMSIS Pack Vendor :STMicroelectronics FP-SNS-STBOX1 2.0.0
2024-07-19 18:17:46,441 [INFO] ThirdParty:1030 - CMSIS Pack Vendor :wolfSSL I-CUBE-wolfSSH 1.4.17
2024-07-19 18:17:46,441 [INFO] LoadServerUpdatesThread:375 - End of LoadServerUpdate Thread
2024-07-19 18:17:46,503 [INFO] CheckServerUpdateThread:120 - End of CheckServer Thread
2024-07-19 18:17:47,438 [INFO] WebApp:161 - Instantiating new browser for Auth
2024-07-19 18:17:47,835 [INFO] WebApp:779 - Register for checkConnection events
2024-07-19 18:17:47,835 [INFO] WebApp:414 - Apply proxy settings
2024-07-19 18:17:47,836 [INFO] WebApp:499 - Chromium requires no authentication
2024-07-19 18:17:47,841 [INFO] WebApp:442 - Direct internet connection detected
2024-07-19 18:17:47,975 [INFO] WebApp:192 - Starting web application
2024-07-19 18:17:47,975 [INFO] WebApp:544 - Web application path used C:\ST\STM32CubeIDE_1.13.2\STM32CubeIDE\plugins\com.st.stm32cube.common.mx_6.11.1.202404110753\db\plugins\mcufinder\reactClient1\index.html
2024-07-19 18:17:48,832 [WARN] PackLoader:240 - Cannot read IP mode file for STMicroelectronics.FP-SNS-MOTENVWB1.1.4.0
2024-07-19 18:17:48,844 [WARN] PackLoader:240 - Cannot read IP mode file for STMicroelectronics.X-CUBE-SMBUS.2.1.0
2024-07-19 18:17:48,852 [WARN] PackLoader:240 - Cannot read IP mode file for STMicroelectronics.X-CUBE-TOUCHGFX.4.23.0
2024-07-19 18:17:48,861 [WARN] PackLoader:240 - Cannot read IP mode file for STMicroelectronics.X-CUBE-TOUCHGFX.4.23.2
2024-07-19 18:17:48,886 [WARN] PackLoader:240 - Cannot read IP mode file for STMicroelectronics.X-CUBE-AZRTOS-F7.1.1.0
2024-07-19 18:17:48,898 [WARN] PackLoader:240 - Cannot read IP mode file for STMicroelectronics.FP-SNS-MOTENV1.4.3.2
2024-07-19 18:17:48,902 [WARN] PackLoader:240 - Cannot read IP mode file for STMicroelectronics.FP-SNS-FLIGHT1.5.0.2
2024-07-19 18:17:48,914 [WARN] PackLoader:240 - Cannot read IP mode file for STMicroelectronics.X-CUBE-DISPLAY.3.0.0
2024-07-19 18:17:48,928 [WARN] PackLoader:240 - Cannot read IP mode file for STMicroelectronics.X-CUBE-BLE1.7.0.0
2024-07-19 18:17:48,939 [WARN] PackLoader:240 - Cannot read IP mode file for emotas.I-CUBE-CANOPEN.1.3.0
2024-07-19 18:17:48,948 [WARN] PackLoader:240 - Cannot read IP mode file for STMicroelectronics.X-CUBE-TOUCHGFX.4.22.1
2024-07-19 18:17:48,961 [WARN] PackLoader:240 - Cannot read IP mode file for STMicroelectronics.X-CUBE-BLEMGR.3.1.0
2024-07-19 18:17:48,973 [WARN] PackLoader:240 - Cannot read IP mode file for STMicroelectronics.FP-SNS-SMARTAG2.1.2.0
2024-07-19 18:17:48,989 [INFO] LogOutputStream:77 - [STDOUT_REDIRECT] 1 : Invalid condition id : UX_CORESTACK_Condition cause : null
2024-07-19 18:17:48,990 [INFO] LogOutputStream:77 - [STDOUT_REDIRECT] 1 : Invalid condition id : UX_CORESTACK_Condition cause : null
2024-07-19 18:17:48,990 [INFO] LogOutputStream:77 - [STDOUT_REDIRECT] 1 : Invalid condition id : UX_CORESTACK_Condition cause : null
2024-07-19 18:17:48,991 [INFO] LogOutputStream:77 - [STDOUT_REDIRECT] 1 : Invalid condition id : UX_CORESTACK_Condition cause : null
2024-07-19 18:17:48,991 [INFO] LogOutputStream:77 - [STDOUT_REDIRECT] 1 : Invalid condition id : UX_CORESTACK_Condition cause : null
2024-07-19 18:17:48,994 [WARN] PackLoader:240 - Cannot read IP mode file for STMicroelectronics.X-CUBE-AZRTOS-WL.2.0.0
2024-07-19 18:17:49,004 [WARN] PackLoader:240 - Cannot read IP mode file for STMicroelectronics.FP-SNS-MOTENV1.5.0.0
2024-07-19 18:17:49,009 [WARN] PackLoader:240 - Cannot read IP mode file for wolfSSL.I-CUBE-wolfMQTT.1.19.0
2024-07-19 18:17:49,020 [WARN] PackLoader:240 - Cannot read IP mode file for WES.I-CUBE-Cesium.1.3.0
2024-07-19 18:17:49,029 [WARN] PackLoader:240 - Cannot read IP mode file for STMicroelectronics.X-CUBE-BLE2.3.3.0
2024-07-19 18:17:49,040 [WARN] PackLoader:240 - Cannot read IP mode file for STMicroelectronics.X-CUBE-TCPP.4.1.0
2024-07-19 18:17:49,052 [WARN] PackLoader:240 - Cannot read IP mode file for STMicroelectronics.X-CUBE-ALGOBUILD.1.3.0
2024-07-19 18:17:49,070 [WARN] PackLoader:240 - Cannot read IP mode file for STMicroelectronics.X-CUBE-AZRTOS-G0.1.1.0
2024-07-19 18:17:49,082 [WARN] PackLoader:240 - Cannot read IP mode file for STMicroelectronics.X-CUBE-SAFEA1.1.2.2
2024-07-19 18:17:49,092 [WARN] PackLoader:240 - Cannot read IP mode file for STMicroelectronics.X-CUBE-NFC4.3.0.0
2024-07-19 18:17:49,101 [WARN] PackLoader:240 - Cannot read IP mode file for wolfSSL.I-CUBE-wolfMQTT.1.18.0
2024-07-19 18:17:49,113 [WARN] PackLoader:240 - Cannot read IP mode file for EmbeddedOffice.I-CUBE-FS-RTOS.1.0.1
2024-07-19 18:17:49,114 [ERROR] ConditionMgr:805 - Attr not supported : Dmpu
2024-07-19 18:17:49,114 [ERROR] ConditionMgr:805 - Attr not supported : Dmpu
2024-07-19 18:17:49,114 [ERROR] ConditionMgr:805 - Attr not supported : Dmpu
2024-07-19 18:17:49,114 [ERROR] ConditionMgr:805 - Attr not supported : Dmpu
2024-07-19 18:17:49,114 [ERROR] ConditionMgr:805 - Attr not supported : Dmpu
2024-07-19 18:17:49,114 [ERROR] ConditionMgr:805 - Attr not supported : Dmpu
2024-07-19 18:17:49,114 [ERROR] ConditionMgr:805 - Attr not supported : Dmpu
2024-07-19 18:17:49,114 [ERROR] ConditionMgr:805 - Attr not supported : Dmpu
2024-07-19 18:17:49,114 [ERROR] ConditionMgr:805 - Attr not supported : Dmpu
2024-07-19 18:17:49,114 [ERROR] ConditionMgr:805 - Attr not supported : Dmpu
2024-07-19 18:17:49,114 [ERROR] ConditionMgr:805 - Attr not supported : Dmpu
2024-07-19 18:17:49,114 [ERROR] ConditionMgr:805 - Attr not supported : Dmpu
2024-07-19 18:17:49,114 [ERROR] ConditionMgr:805 - Attr not supported : Dmpu
2024-07-19 18:17:49,114 [ERROR] ConditionMgr:805 - Attr not supported : Dmpu
2024-07-19 18:17:49,114 [ERROR] ConditionMgr:805 - Attr not supported : Dmpu
2024-07-19 18:17:49,114 [ERROR] ConditionMgr:805 - Attr not supported : Dmpu
2024-07-19 18:17:49,114 [ERROR] ConditionMgr:805 - Attr not supported : Dmpu
2024-07-19 18:17:49,114 [ERROR] ConditionMgr:805 - Attr not supported : Dmpu
2024-07-19 18:17:49,115 [ERROR] ConditionMgr:805 - Attr not supported : Dmpu
2024-07-19 18:17:49,115 [ERROR] ConditionMgr:805 - Attr not supported : Dmpu
2024-07-19 18:17:49,115 [ERROR] ConditionMgr:805 - Attr not supported : Dmpu
2024-07-19 18:17:49,115 [ERROR] ConditionMgr:805 - Attr not supported : Dmpu
2024-07-19 18:17:49,115 [ERROR] ConditionMgr:805 - Attr not supported : Dmpu
2024-07-19 18:17:49,115 [ERROR] ConditionMgr:805 - Attr not supported : Dmpu
2024-07-19 18:17:49,115 [ERROR] ConditionMgr:805 - Attr not supported : Dmpu
2024-07-19 18:17:49,115 [ERROR] ConditionMgr:805 - Attr not supported : Dmpu
2024-07-19 18:17:49,115 [ERROR] ConditionMgr:805 - Attr not supported : Dmpu
2024-07-19 18:17:49,115 [ERROR] ConditionMgr:805 - Attr not supported : Dmpu
2024-07-19 18:17:49,115 [ERROR] ConditionMgr:805 - Attr not supported : Dmpu
2024-07-19 18:17:49,115 [ERROR] ConditionMgr:805 - Attr not supported : Dmpu
2024-07-19 18:17:49,115 [ERROR] ConditionMgr:805 - Attr not supported : Dmpu
2024-07-19 18:17:49,115 [ERROR] ConditionMgr:805 - Attr not supported : Dmpu
2024-07-19 18:17:49,115 [ERROR] ConditionMgr:805 - Attr not supported : Dmpu
2024-07-19 18:17:49,115 [ERROR] ConditionMgr:805 - Attr not supported : Dmpu
2024-07-19 18:17:49,115 [ERROR] ConditionMgr:805 - Attr not supported : Dmpu
2024-07-19 18:17:49,115 [ERROR] ConditionMgr:805 - Attr not supported : Dmpu
2024-07-19 18:17:49,115 [ERROR] ConditionMgr:805 - Attr not supported : Dmpu
2024-07-19 18:17:49,115 [ERROR] ConditionMgr:805 - Attr not supported : Dmpu
2024-07-19 18:17:49,115 [ERROR] ConditionMgr:805 - Attr not supported : Dmpu
2024-07-19 18:17:49,115 [ERROR] ConditionMgr:805 - Attr not supported : Dmpu
2024-07-19 18:17:49,115 [ERROR] ConditionMgr:805 - Attr not supported : Dmpu
2024-07-19 18:17:49,115 [ERROR] ConditionMgr:805 - Attr not supported : Dmpu
2024-07-19 18:17:49,115 [ERROR] ConditionMgr:805 - Attr not supported : Dmpu
2024-07-19 18:17:49,115 [ERROR] ConditionMgr:805 - Attr not supported : Dmpu
2024-07-19 18:17:49,115 [ERROR] ConditionMgr:805 - Attr not supported : Dmpu
2024-07-19 18:17:49,115 [ERROR] ConditionMgr:805 - Attr not supported : Dmpu
2024-07-19 18:17:49,115 [ERROR] ConditionMgr:805 - Attr not supported : Dmpu
2024-07-19 18:17:49,116 [ERROR] ConditionMgr:805 - Attr not supported : Dmpu
2024-07-19 18:17:49,116 [ERROR] ConditionMgr:805 - Attr not supported : Dmpu
2024-07-19 18:17:49,116 [ERROR] ConditionMgr:805 - Attr not supported : Dmpu
2024-07-19 18:17:49,116 [ERROR] ConditionMgr:805 - Attr not supported : Dmpu
2024-07-19 18:17:49,116 [ERROR] ConditionMgr:805 - Attr not supported : Dmpu
2024-07-19 18:17:49,116 [ERROR] ConditionMgr:805 - Attr not supported : Dmpu
2024-07-19 18:17:49,116 [ERROR] ConditionMgr:805 - Attr not supported : Dmpu
2024-07-19 18:17:49,116 [ERROR] ConditionMgr:805 - Attr not supported : Dmpu
2024-07-19 18:17:49,116 [ERROR] ConditionMgr:805 - Attr not supported : Dmpu
2024-07-19 18:17:49,116 [ERROR] ConditionMgr:805 - Attr not supported : Dmpu
2024-07-19 18:17:49,116 [ERROR] ConditionMgr:805 - Attr not supported : Dmpu
2024-07-19 18:17:49,116 [ERROR] ConditionMgr:805 - Attr not supported : Dmpu
2024-07-19 18:17:49,116 [ERROR] ConditionMgr:805 - Attr not supported : Dmpu
2024-07-19 18:17:49,116 [ERROR] ConditionMgr:805 - Attr not supported : Dmpu
2024-07-19 18:17:49,116 [ERROR] ConditionMgr:805 - Attr not supported : Dmpu
2024-07-19 18:17:49,116 [ERROR] ConditionMgr:805 - Attr not supported : Dmpu
2024-07-19 18:17:49,116 [ERROR] ConditionMgr:805 - Attr not supported : Dmpu
2024-07-19 18:17:49,129 [WARN] PackLoader:240 - Cannot read IP mode file for STMicroelectronics.X-CUBE-BLEMGR.3.0.0
2024-07-19 18:17:49,140 [WARN] PackLoader:240 - Cannot read IP mode file for RealThread.X-CUBE-RT-Thread_Nano.4.1.1
2024-07-19 18:17:49,144 [WARN] PackLoader:240 - Cannot read IP mode file for STMicroelectronics.FP-ATR-SIGFOX1.3.2.0
2024-07-19 18:17:49,155 [WARN] PackLoader:240 - Cannot read IP mode file for STMicroelectronics.X-CUBE-EEPRMA1.5.1.0
2024-07-19 18:17:49,184 [WARN] PackLoader:240 - Cannot read IP mode file for SEGGER.I-CUBE-embOS.1.3.1
2024-07-19 18:17:49,220 [WARN] PackLoader:240 - Cannot read IP mode file for STMicroelectronics.X-CUBE-ALGOBUILD.1.4.0
2024-07-19 18:17:49,231 [WARN] PackLoader:240 - Cannot read IP mode file for STMicroelectronics.X-CUBE-GNSS1.6.0.0
2024-07-19 18:17:49,257 [WARN] PackLoader:240 - Cannot read IP mode file for STMicroelectronics.X-CUBE-AZRTOS-F4.1.1.0
2024-07-19 18:17:49,269 [WARN] PackLoader:240 - Cannot read IP mode file for wolfSSL.I-CUBE-wolfSSL.5.6.3
2024-07-19 18:17:49,280 [WARN] PackLoader:240 - Cannot read IP mode file for STMicroelectronics.X-CUBE-FREERTOS.1.2.0
2024-07-19 18:17:49,306 [WARN] PackLoader:240 - Cannot read IP mode file for STMicroelectronics.X-CUBE-AZRTOS-L5.2.0.0
2024-07-19 18:17:49,346 [WARN] PackLoader:240 - Cannot read IP mode file for STMicroelectronics.X-CUBE-MEMS1.9.6.0
2024-07-19 18:17:49,440 [WARN] PackLoader:240 - Cannot read IP mode file for STMicroelectronics.X-CUBE-EEPRMA1.4.2.0
2024-07-19 18:17:49,456 [WARN] PackLoader:240 - Cannot read IP mode file for STMicroelectronics.X-CUBE-NFC6.3.1.0
2024-07-19 18:17:49,472 [WARN] PackLoader:240 - Cannot read IP mode file for ITTIA_DB.I-CUBE-ITTIADB.8.8.0
2024-07-19 18:17:49,485 [WARN] PackLoader:240 - Cannot read IP mode file for STMicroelectronics.X-CUBE-BLEMGR.2.0.0
2024-07-19 18:17:49,501 [WARN] PackLoader:240 - Cannot read IP mode file for STMicroelectronics.X-CUBE-DPower.1.2.0
2024-07-19 18:17:49,513 [WARN] PackLoader:240 - Cannot read IP mode file for STMicroelectronics.X-CUBE-AI.9.0.0
2024-07-19 18:17:49,537 [WARN] ConditionMgr:438 - getConditionDescription Invalid condition id : UX DEVICE CLASS RTOS Condition cause : null
2024-07-19 18:17:49,538 [WARN] ConditionMgr:438 - getConditionDescription Invalid condition id : UX DEVICE CLASS RTOS Condition cause : null
2024-07-19 18:17:49,539 [WARN] PackLoader:240 - Cannot read IP mode file for STMicroelectronics.X-CUBE-AZRTOS-H7.3.1.0
2024-07-19 18:17:49,540 [WARN] ConditionMgr:1039 - genDependencies : Invalid condition id : UX DEVICE CLASS RTOS Condition cause : null
2024-07-19 18:17:49,540 [WARN] ConditionMgr:1039 - genDependencies : Invalid condition id : UX DEVICE CLASS RTOS Condition cause : null
2024-07-19 18:17:49,540 [WARN] ConditionMgr:1039 - genDependencies : Invalid condition id : UX DEVICE CLASS RTOS Condition cause : null
2024-07-19 18:17:49,540 [WARN] ConditionMgr:1039 - genDependencies : Invalid condition id : UX DEVICE CLASS RTOS Condition cause : null
2024-07-19 18:17:49,540 [WARN] ConditionMgr:1039 - genDependencies : Invalid condition id : UX DEVICE CLASS RTOS Condition cause : null
2024-07-19 18:17:49,552 [WARN] PackLoader:240 - Cannot read IP mode file for STMicroelectronics.X-CUBE-NFC7.1.0.1
2024-07-19 18:17:49,557 [WARN] PackLoader:240 - Cannot read IP mode file for wolfSSL.I-CUBE-wolfTPM.3.2.0
2024-07-19 18:17:49,569 [WARN] PackLoader:240 - Cannot read IP mode file for STMicroelectronics.X-CUBE-NFC6.3.0.0
2024-07-19 18:17:49,583 [WARN] PackLoader:240 - Cannot read IP mode file for STMicroelectronics.X-CUBE-EEPRMA1.4.1.0
2024-07-19 18:17:49,595 [WARN] PackLoader:240 - Cannot read IP mode file for STMicroelectronics.X-CUBE-AI.8.1.0
2024-07-19 18:17:49,616 [WARN] ConditionMgr:438 - getConditionDescription Invalid condition id : LAN8742 Phy interface Condition cause : null
2024-07-19 18:17:49,617 [WARN] PackLoader:240 - Cannot read IP mode file for STMicroelectronics.X-CUBE-AZRTOS-L4.2.0.0
2024-07-19 18:17:49,621 [WARN] ConditionMgr:1039 - genDependencies : Invalid condition id : LAN8742 Phy interface Condition cause : null
2024-07-19 18:17:49,622 [WARN] ConditionMgr:1039 - genDependencies : Invalid condition id : LAN8742 Phy interface Condition cause : null
2024-07-19 18:17:49,622 [WARN] ConditionMgr:1039 - genDependencies : Invalid condition id : LAN8742 Phy interface Condition cause : null
2024-07-19 18:17:49,636 [WARN] PackLoader:240 - Cannot read IP mode file for STMicroelectronics.X-CUBE-SFXS2LP1.4.0.0
2024-07-19 18:17:49,647 [WARN] PackLoader:240 - Cannot read IP mode file for STMicroelectronics.X-CUBE-ISPU.1.1.0
2024-07-19 18:17:49,667 [WARN] ConditionMgr:438 - getConditionDescription Invalid condition id : UX DEVICE CLASS RTOS Condition cause : null
2024-07-19 18:17:49,667 [WARN] ConditionMgr:438 - getConditionDescription Invalid condition id : UX DEVICE CLASS RTOS Condition cause : null
2024-07-19 18:17:49,668 [WARN] PackLoader:240 - Cannot read IP mode file for STMicroelectronics.X-CUBE-AZRTOS-WB.2.0.0
2024-07-19 18:17:49,668 [WARN] ConditionMgr:1039 - genDependencies : Invalid condition id : UX DEVICE CLASS RTOS Condition cause : null
2024-07-19 18:17:49,669 [WARN] ConditionMgr:1039 - genDependencies : Invalid condition id : UX DEVICE CLASS RTOS Condition cause : null
2024-07-19 18:17:49,669 [WARN] ConditionMgr:1039 - genDependencies : Invalid condition id : UX DEVICE CLASS RTOS Condition cause : null
2024-07-19 18:17:49,669 [WARN] ConditionMgr:1039 - genDependencies : Invalid condition id : UX DEVICE CLASS RTOS Condition cause : null
2024-07-19 18:17:49,669 [WARN] ConditionMgr:1039 - genDependencies : Invalid condition id : UX DEVICE CLASS RTOS Condition cause : null
2024-07-19 18:17:49,674 [WARN] PackLoader:240 - Cannot read IP mode file for STMicroelectronics.FP-SNS-STBOX1.2.0.0
2024-07-19 18:17:49,691 [WARN] PackLoader:240 - Cannot read IP mode file for STMicroelectronics.X-CUBE-SUBG2.5.0.0
2024-07-19 18:17:49,699 [WARN] PackLoader:240 - Cannot read IP mode file for Cesanta.I-CUBE-Mongoose.7.13.0
2024-07-19 18:17:49,716 [WARN] PackLoader:240 - Cannot read IP mode file for STMicroelectronics.X-CUBE-TOF1.3.3.1
2024-07-19 18:17:49,743 [WARN] PackLoader:240 - Cannot read IP mode file for STMicroelectronics.X-CUBE-AZRTOS-G4.2.0.0
2024-07-19 18:17:49,767 [WARN] PackLoader:240 - Cannot read IP mode file for Infineon.AIROC-Wi-Fi-Bluetooth-STM32.1.5.1
2024-07-19 18:17:49,784 [WARN] PackLoader:240 - Cannot read IP mode file for STMicroelectronics.FP-SNS-MOTENVWB1.1.3.0
2024-07-19 18:17:49,797 [WARN] PackLoader:240 - Cannot read IP mode file for STMicroelectronics.FP-SNS-MOTENVWB1.1.3.1
2024-07-19 18:17:49,807 [WARN] PackLoader:240 - Cannot read IP mode file for STMicroelectronics.X-CUBE-ISPU.2.0.0
2024-07-19 18:17:49,818 [WARN] PackLoader:240 - Cannot read IP mode file for STMicroelectronics.X-CUBE-ALS.1.0.2
2024-07-19 18:17:49,848 [WARN] PackLoader:240 - Cannot read IP mode file for STMicroelectronics.X-CUBE-MEMS1.10.0.0
2024-07-19 18:17:49,943 [WARN] PackLoader:240 - Cannot read IP mode file for STMicroelectronics.X-CUBE-FREERTOS.1.1.0
2024-07-19 18:17:49,954 [WARN] PackLoader:240 - Cannot read IP mode file for STMicroelectronics.X-CUBE-TOUCHGFX.4.24.0
2024-07-19 18:17:49,967 [WARN] PackLoader:240 - Cannot read IP mode file for portGmbH.I-Cube-SoM-uGOAL.1.1.0
2024-07-19 18:17:49,982 [WARN] PackLoader:240 - Cannot read IP mode file for STMicroelectronics.X-CUBE-ALS.1.0.1
2024-07-19 18:17:50,015 [WARN] PackLoader:240 - Cannot read IP mode file for STMicroelectronics.X-CUBE-AZRTOS-H7RS.1.0.0
2024-07-19 18:17:50,023 [WARN] PackLoader:240 - Cannot read IP mode file for STMicroelectronics.FP-ATR-ASTRA1.2.0.0
2024-07-19 18:17:50,040 [WARN] PackLoader:240 - Cannot read IP mode file for STMicroelectronics.X-CUBE-TOF1.3.4.0
2024-07-19 18:17:50,067 [WARN] PackLoader:240 - Cannot read IP mode file for STMicroelectronics.X-CUBE-TOF1.3.4.1
2024-07-19 18:17:50,101 [WARN] PackLoader:240 - Cannot read IP mode file for STMicroelectronics.X-CUBE-AZRTOS-H7.3.2.0
2024-07-19 18:17:50,106 [WARN] PackLoader:240 - Cannot read IP mode file for wolfSSL.I-CUBE-wolfSSH.1.4.17
2024-07-19 18:17:50,107 [INFO] ThirdParty:978 - Integrity check success = true
2024-07-19 18:17:50,108 [INFO] IntegrityCheckThread:100 - exiting critical section [integrity check]
2024-07-19 18:17:50,108 [INFO] IntegrityCheckThread:103 - End integrity checks thread
