02:27:15 **** Incremental Build of configuration Debug for project PLL_SYSCLK_HSE ****
make -j16 all 
arm-none-eabi-gcc "../Core/Src/app.c" -mcpu=cortex-m4 -std=gnu11 -g3 -DDEBUG -DUSE_HAL_DRIVER -DSTM32F407xx -c -I../Core/Inc -I../Drivers/STM32F4xx_HAL_Driver/Inc -I../Drivers/STM32F4xx_HAL_Driver/Inc/Legacy -I../Drivers/CMSIS/Device/ST/STM32F4xx/Include -I../Drivers/CMSIS/Include -I../USB_DEVICE/App -I../USB_DEVICE/Target -I../Middlewares/ST/STM32_USB_Device_Library/Core/Inc -I../Middlewares/ST/STM32_USB_Device_Library/Class/CDC/Inc -O0 -ffunction-sections -fdata-sections -Wall -fstack-usage -fcyclomatic-complexity -MMD -MP -MF"Core/Src/app.d" -MT"Core/Src/app.o" --specs=nano.specs -mfpu=fpv4-sp-d16 -mfloat-abi=hard -mthumb -o "Core/Src/app.o"
arm-none-eabi-gcc -o "PLL_SYSCLK_HSE.elf" @"objects.list"   -mcpu=cortex-m4 -T"T:\PWM_TIMERS_CAN_RTC\PLL_SYSCLK_HSE\STM32F407VGTX_FLASH.ld" --specs=nosys.specs -Wl,-Map="PLL_SYSCLK_HSE.map" -Wl,--gc-sections -static --specs=nano.specs -mfpu=fpv4-sp-d16 -mfloat-abi=hard -mthumb -Wl,--start-group -lc -lm -Wl,--end-group
Finished building target: PLL_SYSCLK_HSE.elf
 
arm-none-eabi-size  PLL_SYSCLK_HSE.elf 
arm-none-eabi-objdump -h -S PLL_SYSCLK_HSE.elf  > "PLL_SYSCLK_HSE.list"
   text	   data	    bss	    dec	    hex	filename
  11168	     92	   1972	  13232	   33b0	PLL_SYSCLK_HSE.elf
Finished building: default.size.stdout
 
Finished building: PLL_SYSCLK_HSE.list
 
02:27:21 **** Incremental Build of configuration Debug for project PLL_SYSCLK_HSE ****
make -j16 all 
arm-none-eabi-size  PLL_SYSCLK_HSE.elf 
   text	   data	    bss	    dec	    hex	filename
  11168	     92	   1972	  13232	   33b0	PLL_SYSCLK_HSE.elf
Finished building: default.size.stdout
 
02:27:23 **** Incremental Build of configuration Debug for project PLL_SYSCLK_HSE ****
make -j16 all 
arm-none-eabi-size  PLL_SYSCLK_HSE.elf 
   text	   data	    bss	    dec	    hex	filename
  11168	     92	   1972	  13232	   33b0	PLL_SYSCLK_HSE.elf
Finished building: default.size.stdout
 
